[debug] [2023-04-12T09:52:55.777Z] ----------------------------------------------------------------------
[debug] [2023-04-12T09:52:55.779Z] Command:       C:\Program Files\nodejs\node.exe C:\Users\my\AppData\Roaming\npm\node_modules\firebase-tools\lib\bin\firebase.js deploy --only functions
[debug] [2023-04-12T09:52:55.779Z] CLI Version:   11.24.1
[debug] [2023-04-12T09:52:55.779Z] Platform:      win32
[debug] [2023-04-12T09:52:55.779Z] Node Version:  v16.13.0
[debug] [2023-04-12T09:52:55.781Z] Time:          Wed Apr 12 2023 18:52:55 GMT+0900 (GMT+09:00)
[debug] [2023-04-12T09:52:55.781Z] ----------------------------------------------------------------------
[debug] 
[debug] [2023-04-12T09:52:55.874Z] > command requires scopes: ["email","openid","https://www.googleapis.com/auth/cloudplatformprojects.readonly","https://www.googleapis.com/auth/firebase","https://www.googleapis.com/auth/cloud-platform"]
[debug] [2023-04-12T09:52:55.875Z] > authorizing via signed-in user (kimremon0611@gmail.com)
[debug] [2023-04-12T09:52:55.875Z] [iam] checking project dosukoi-16815 for permissions ["cloudfunctions.functions.create","cloudfunctions.functions.delete","cloudfunctions.functions.get","cloudfunctions.functions.list","cloudfunctions.functions.update","cloudfunctions.operations.get","firebase.projects.get"]
[debug] [2023-04-12T09:52:55.878Z] >>> [apiv2][query] POST https://cloudresourcemanager.googleapis.com/v1/projects/dosukoi-16815:testIamPermissions [none]
[debug] [2023-04-12T09:52:55.878Z] >>> [apiv2][(partial)header] POST https://cloudresourcemanager.googleapis.com/v1/projects/dosukoi-16815:testIamPermissions x-goog-quota-user=projects/dosukoi-16815
[debug] [2023-04-12T09:52:55.878Z] >>> [apiv2][body] POST https://cloudresourcemanager.googleapis.com/v1/projects/dosukoi-16815:testIamPermissions {"permissions":["cloudfunctions.functions.create","cloudfunctions.functions.delete","cloudfunctions.functions.get","cloudfunctions.functions.list","cloudfunctions.functions.update","cloudfunctions.operations.get","firebase.projects.get"]}
[debug] [2023-04-12T09:52:56.599Z] <<< [apiv2][status] POST https://cloudresourcemanager.googleapis.com/v1/projects/dosukoi-16815:testIamPermissions 200
[debug] [2023-04-12T09:52:56.599Z] <<< [apiv2][body] POST https://cloudresourcemanager.googleapis.com/v1/projects/dosukoi-16815:testIamPermissions {"permissions":["cloudfunctions.functions.create","cloudfunctions.functions.delete","cloudfunctions.functions.get","cloudfunctions.functions.list","cloudfunctions.functions.update","cloudfunctions.operations.get","firebase.projects.get"]}
[debug] [2023-04-12T09:52:56.599Z] >>> [apiv2][query] POST https://iam.googleapis.com/v1/projects/dosukoi-16815/serviceAccounts/dosukoi-16815@appspot.gserviceaccount.com:testIamPermissions [none]
[debug] [2023-04-12T09:52:56.599Z] >>> [apiv2][body] POST https://iam.googleapis.com/v1/projects/dosukoi-16815/serviceAccounts/dosukoi-16815@appspot.gserviceaccount.com:testIamPermissions {"permissions":["iam.serviceAccounts.actAs"]}
[debug] [2023-04-12T09:52:57.266Z] <<< [apiv2][status] POST https://iam.googleapis.com/v1/projects/dosukoi-16815/serviceAccounts/dosukoi-16815@appspot.gserviceaccount.com:testIamPermissions 200
[debug] [2023-04-12T09:52:57.266Z] <<< [apiv2][body] POST https://iam.googleapis.com/v1/projects/dosukoi-16815/serviceAccounts/dosukoi-16815@appspot.gserviceaccount.com:testIamPermissions {"permissions":["iam.serviceAccounts.actAs"]}
[info] 
[info] === Deploying to 'dosukoi-16815'...
[info] 
[info] i  deploying functions 
[info] Running command: npm --prefix "$RESOURCE_DIR" run lint
[info] Running command: npm --prefix "$RESOURCE_DIR" run build
[info] +  functions: Finished running predeploy script. 
[debug] [2023-04-12T09:53:15.242Z] >>> [apiv2][query] GET https://firebase.googleapis.com/v1beta1/projects/dosukoi-16815 [none]
[debug] [2023-04-12T09:53:15.920Z] <<< [apiv2][status] GET https://firebase.googleapis.com/v1beta1/projects/dosukoi-16815 200
[debug] [2023-04-12T09:53:15.920Z] <<< [apiv2][body] GET https://firebase.googleapis.com/v1beta1/projects/dosukoi-16815 {"projectId":"dosukoi-16815","projectNumber":"110630163115","displayName":"dosukoi","name":"projects/dosukoi-16815","resources":{"hostingSite":"dosukoi-16815","storageBucket":"dosukoi-16815.appspot.com","locationId":"asia-northeast1"},"state":"ACTIVE","etag":"1_4c798187-8d00-4b09-9eda-fa5fd7f4f2f3"}
[info] i  functions: preparing codebase default for deployment 
[info] i  functions: ensuring required API cloudfunctions.googleapis.com is enabled... 
[info] i  functions: ensuring required API cloudbuild.googleapis.com is enabled... 
[info] i  artifactregistry: ensuring required API artifactregistry.googleapis.com is enabled... 
[debug] [2023-04-12T09:53:15.923Z] >>> [apiv2][query] GET https://serviceusage.googleapis.com/v1/projects/dosukoi-16815/services/cloudfunctions.googleapis.com [none]
[debug] [2023-04-12T09:53:15.923Z] >>> [apiv2][(partial)header] GET https://serviceusage.googleapis.com/v1/projects/dosukoi-16815/services/cloudfunctions.googleapis.com x-goog-quota-user=projects/dosukoi-16815
[debug] [2023-04-12T09:53:15.924Z] >>> [apiv2][query] GET https://serviceusage.googleapis.com/v1/projects/dosukoi-16815/services/runtimeconfig.googleapis.com [none]
[debug] [2023-04-12T09:53:15.924Z] >>> [apiv2][(partial)header] GET https://serviceusage.googleapis.com/v1/projects/dosukoi-16815/services/runtimeconfig.googleapis.com x-goog-quota-user=projects/dosukoi-16815
[debug] [2023-04-12T09:53:15.925Z] >>> [apiv2][query] GET https://serviceusage.googleapis.com/v1/projects/dosukoi-16815/services/cloudbuild.googleapis.com [none]
[debug] [2023-04-12T09:53:15.925Z] >>> [apiv2][(partial)header] GET https://serviceusage.googleapis.com/v1/projects/dosukoi-16815/services/cloudbuild.googleapis.com x-goog-quota-user=projects/dosukoi-16815
[debug] [2023-04-12T09:53:15.925Z] >>> [apiv2][query] GET https://serviceusage.googleapis.com/v1/projects/dosukoi-16815/services/artifactregistry.googleapis.com [none]
[debug] [2023-04-12T09:53:15.925Z] >>> [apiv2][(partial)header] GET https://serviceusage.googleapis.com/v1/projects/dosukoi-16815/services/artifactregistry.googleapis.com x-goog-quota-user=projects/dosukoi-16815
[debug] [2023-04-12T09:53:17.204Z] <<< [apiv2][status] GET https://serviceusage.googleapis.com/v1/projects/dosukoi-16815/services/runtimeconfig.googleapis.com 200
[debug] [2023-04-12T09:53:17.204Z] <<< [apiv2][body] GET https://serviceusage.googleapis.com/v1/projects/dosukoi-16815/services/runtimeconfig.googleapis.com [omitted]
[debug] [2023-04-12T09:53:17.245Z] <<< [apiv2][status] GET https://serviceusage.googleapis.com/v1/projects/dosukoi-16815/services/artifactregistry.googleapis.com 200
[debug] [2023-04-12T09:53:17.245Z] <<< [apiv2][body] GET https://serviceusage.googleapis.com/v1/projects/dosukoi-16815/services/artifactregistry.googleapis.com [omitted]
[warn] !  artifactregistry: missing required API artifactregistry.googleapis.com. Enabling now... 
[debug] [2023-04-12T09:53:17.246Z] >>> [apiv2][query] POST https://serviceusage.googleapis.com/v1/projects/dosukoi-16815/services/artifactregistry.googleapis.com:enable [none]
[debug] [2023-04-12T09:53:17.246Z] >>> [apiv2][(partial)header] POST https://serviceusage.googleapis.com/v1/projects/dosukoi-16815/services/artifactregistry.googleapis.com:enable x-goog-quota-user=projects/dosukoi-16815
[debug] [2023-04-12T09:53:17.253Z] <<< [apiv2][status] GET https://serviceusage.googleapis.com/v1/projects/dosukoi-16815/services/cloudfunctions.googleapis.com 200
[debug] [2023-04-12T09:53:17.253Z] <<< [apiv2][body] GET https://serviceusage.googleapis.com/v1/projects/dosukoi-16815/services/cloudfunctions.googleapis.com [omitted]
[info] +  functions: required API cloudfunctions.googleapis.com is enabled 
[debug] [2023-04-12T09:53:17.254Z] <<< [apiv2][status] GET https://serviceusage.googleapis.com/v1/projects/dosukoi-16815/services/cloudbuild.googleapis.com 200
[debug] [2023-04-12T09:53:17.254Z] <<< [apiv2][body] GET https://serviceusage.googleapis.com/v1/projects/dosukoi-16815/services/cloudbuild.googleapis.com [omitted]
[warn] !  functions: missing required API cloudbuild.googleapis.com. Enabling now... 
[debug] [2023-04-12T09:53:17.255Z] >>> [apiv2][query] POST https://serviceusage.googleapis.com/v1/projects/dosukoi-16815/services/cloudbuild.googleapis.com:enable [none]
[debug] [2023-04-12T09:53:17.255Z] >>> [apiv2][(partial)header] POST https://serviceusage.googleapis.com/v1/projects/dosukoi-16815/services/cloudbuild.googleapis.com:enable x-goog-quota-user=projects/dosukoi-16815
[debug] [2023-04-12T09:53:18.663Z] <<< [apiv2][status] POST https://serviceusage.googleapis.com/v1/projects/dosukoi-16815/services/cloudbuild.googleapis.com:enable 200
[debug] [2023-04-12T09:53:18.663Z] <<< [apiv2][body] POST https://serviceusage.googleapis.com/v1/projects/dosukoi-16815/services/cloudbuild.googleapis.com:enable [omitted]
[debug] [2023-04-12T09:53:18.824Z] <<< [apiv2][status] POST https://serviceusage.googleapis.com/v1/projects/dosukoi-16815/services/artifactregistry.googleapis.com:enable 200
[debug] [2023-04-12T09:53:18.824Z] <<< [apiv2][body] POST https://serviceusage.googleapis.com/v1/projects/dosukoi-16815/services/artifactregistry.googleapis.com:enable [omitted]
[debug] [2023-04-12T09:53:28.677Z] >>> [apiv2][query] GET https://serviceusage.googleapis.com/v1/projects/dosukoi-16815/services/cloudbuild.googleapis.com [none]
[debug] [2023-04-12T09:53:28.678Z] >>> [apiv2][(partial)header] GET https://serviceusage.googleapis.com/v1/projects/dosukoi-16815/services/cloudbuild.googleapis.com x-goog-quota-user=projects/dosukoi-16815
[debug] [2023-04-12T09:53:28.833Z] >>> [apiv2][query] GET https://serviceusage.googleapis.com/v1/projects/dosukoi-16815/services/artifactregistry.googleapis.com [none]
[debug] [2023-04-12T09:53:28.833Z] >>> [apiv2][(partial)header] GET https://serviceusage.googleapis.com/v1/projects/dosukoi-16815/services/artifactregistry.googleapis.com x-goog-quota-user=projects/dosukoi-16815
[debug] [2023-04-12T09:53:29.746Z] <<< [apiv2][status] GET https://serviceusage.googleapis.com/v1/projects/dosukoi-16815/services/cloudbuild.googleapis.com 200
[debug] [2023-04-12T09:53:29.746Z] <<< [apiv2][body] GET https://serviceusage.googleapis.com/v1/projects/dosukoi-16815/services/cloudbuild.googleapis.com [omitted]
[info] +  functions: required API cloudbuild.googleapis.com is enabled 
[debug] [2023-04-12T09:53:29.880Z] <<< [apiv2][status] GET https://serviceusage.googleapis.com/v1/projects/dosukoi-16815/services/artifactregistry.googleapis.com 200
[debug] [2023-04-12T09:53:29.880Z] <<< [apiv2][body] GET https://serviceusage.googleapis.com/v1/projects/dosukoi-16815/services/artifactregistry.googleapis.com [omitted]
[info] +  artifactregistry: required API artifactregistry.googleapis.com is enabled 
[debug] [2023-04-12T09:53:29.882Z] >>> [apiv2][query] GET https://firebase.googleapis.com/v1beta1/projects/dosukoi-16815/adminSdkConfig [none]
[debug] [2023-04-12T09:53:30.267Z] <<< [apiv2][status] GET https://firebase.googleapis.com/v1beta1/projects/dosukoi-16815/adminSdkConfig 200
[debug] [2023-04-12T09:53:30.267Z] <<< [apiv2][body] GET https://firebase.googleapis.com/v1beta1/projects/dosukoi-16815/adminSdkConfig {"projectId":"dosukoi-16815","storageBucket":"dosukoi-16815.appspot.com","locationId":"asia-northeast1"}
[debug] [2023-04-12T09:53:30.268Z] >>> [apiv2][query] GET https://runtimeconfig.googleapis.com/v1beta1/projects/dosukoi-16815/configs [none]
[debug] [2023-04-12T09:53:30.797Z] <<< [apiv2][status] GET https://runtimeconfig.googleapis.com/v1beta1/projects/dosukoi-16815/configs 200
[debug] [2023-04-12T09:53:30.798Z] <<< [apiv2][body] GET https://runtimeconfig.googleapis.com/v1beta1/projects/dosukoi-16815/configs {}
[debug] [2023-04-12T09:53:30.799Z] Validating nodejs source
[debug] [2023-04-12T09:53:32.280Z] > [functions] package.json contents: {
  "name": "functions",
  "scripts": {
    "lint": "eslint --ext .js,.ts .",
    "build": "tsc",
    "build:watch": "tsc --watch",
    "serve": "npm run build && firebase emulators:start --only functions",
    "shell": "npm run build && firebase functions:shell",
    "start": "npm run shell",
    "deploy": "firebase deploy --only functions",
    "logs": "firebase functions:log"
  },
  "engines": {
    "node": "16"
  },
  "main": "lib/index.js",
  "dependencies": {
    "firebase-admin": "^11.5.0",
    "firebase-functions": "^4.2.0"
  },
  "devDependencies": {
    "@typescript-eslint/eslint-plugin": "^5.12.0",
    "@typescript-eslint/parser": "^5.12.0",
    "eslint": "^8.9.0",
    "eslint-config-google": "^0.14.0",
    "eslint-plugin-import": "^2.25.4",
    "firebase-functions-test": "^3.0.0",
    "typescript": "^4.9.0"
  },
  "private": true
}
[debug] [2023-04-12T09:53:32.280Z] Building nodejs source
[debug] [2023-04-12T09:53:32.281Z] Could not find functions.yaml. Must use http discovery
[debug] [2023-04-12T09:53:32.289Z] Found firebase-functions binary at 'C:\Users\my\Desktop\dosukoi\functions\node_modules\.bin\firebase-functions'
[debug] [2023-04-12T09:53:32.666Z] Serving at port 8177

[debug] [2023-04-12T09:53:33.209Z] Got response from /__/functions.yaml {"endpoints":{"getNews":{"platform":"gcfv1","availableMemoryMb":null,"timeoutSeconds":null,"minInstances":null,"maxInstances":null,"ingressSettings":null,"serviceAccountEmail":null,"vpc":null,"region":["asia-northeast2"],"secretEnvironmentVariables":[{"key":"NEWSAPIKEY"}],"httpsTrigger":{},"entryPoint":"getNews"}},"specVersion":"v1alpha1","requiredAPIs":[]}
[debug] [2023-04-12T09:53:33.218Z] shutdown requested via /__/quitquitquit

[info] i  functions: preparing functions directory for uploading... 
[info] i  functions: packaged C:\Users\my\Desktop\dosukoi\functions (85.34 KB) for uploading 
[debug] [2023-04-12T09:53:33.295Z] >>> [apiv2][query] GET https://cloudfunctions.googleapis.com/v1/projects/dosukoi-16815/locations/-/functions [none]
[debug] [2023-04-12T09:53:34.171Z] <<< [apiv2][status] GET https://cloudfunctions.googleapis.com/v1/projects/dosukoi-16815/locations/-/functions 200
[debug] [2023-04-12T09:53:34.171Z] <<< [apiv2][body] GET https://cloudfunctions.googleapis.com/v1/projects/dosukoi-16815/locations/-/functions {}
[debug] [2023-04-12T09:53:34.172Z] >>> [apiv2][query] GET https://cloudfunctions.googleapis.com/v2/projects/dosukoi-16815/locations/-/functions filter=environment%3D%22GEN_2%22
[debug] [2023-04-12T09:53:35.728Z] <<< [apiv2][status] GET https://cloudfunctions.googleapis.com/v2/projects/dosukoi-16815/locations/-/functions 200
[debug] [2023-04-12T09:53:35.728Z] <<< [apiv2][body] GET https://cloudfunctions.googleapis.com/v2/projects/dosukoi-16815/locations/-/functions {}
[debug] [2023-04-12T09:53:35.732Z] >>> [apiv2][query] GET https://secretmanager.googleapis.com/v1/projects/dosukoi-16815/secrets/NEWSAPIKEY/versions/latest [none]
[debug] [2023-04-12T09:53:36.162Z] <<< [apiv2][status] GET https://secretmanager.googleapis.com/v1/projects/dosukoi-16815/secrets/NEWSAPIKEY/versions/latest 200
[debug] [2023-04-12T09:53:36.162Z] <<< [apiv2][body] GET https://secretmanager.googleapis.com/v1/projects/dosukoi-16815/secrets/NEWSAPIKEY/versions/latest {"name":"projects/110630163115/secrets/NEWSAPIKEY/versions/1","createTime":"2023-04-11T11:58:32.999570Z","state":"ENABLED","replicationStatus":{"automatic":{}},"etag":"\"15f90e35eaea92\""}
[debug] [2023-04-12T09:53:36.163Z] Resolved secret version of NEWSAPIKEY to 1.
[debug] [2023-04-12T09:53:36.163Z] >>> [apiv2][query] GET https://firebase.googleapis.com/v1beta1/projects/dosukoi-16815 [none]
[debug] [2023-04-12T09:53:36.525Z] <<< [apiv2][status] GET https://firebase.googleapis.com/v1beta1/projects/dosukoi-16815 200
[debug] [2023-04-12T09:53:36.525Z] <<< [apiv2][body] GET https://firebase.googleapis.com/v1beta1/projects/dosukoi-16815 {"projectId":"dosukoi-16815","projectNumber":"110630163115","displayName":"dosukoi","name":"projects/dosukoi-16815","resources":{"hostingSite":"dosukoi-16815","storageBucket":"dosukoi-16815.appspot.com","locationId":"asia-northeast1"},"state":"ACTIVE","etag":"1_4c798187-8d00-4b09-9eda-fa5fd7f4f2f3"}
[info] i  functions: ensuring dosukoi-16815@appspot.gserviceaccount.com access to secret NEWSAPIKEY. 
[debug] [2023-04-12T09:53:36.526Z] >>> [apiv2][query] GET https://secretmanager.googleapis.com/v1/projects/dosukoi-16815/secrets/NEWSAPIKEY:getIamPolicy [none]
[debug] [2023-04-12T09:53:37.023Z] <<< [apiv2][status] GET https://secretmanager.googleapis.com/v1/projects/dosukoi-16815/secrets/NEWSAPIKEY:getIamPolicy 200
[debug] [2023-04-12T09:53:37.023Z] <<< [apiv2][body] GET https://secretmanager.googleapis.com/v1/projects/dosukoi-16815/secrets/NEWSAPIKEY:getIamPolicy {"etag":"ACAB"}
[debug] [2023-04-12T09:53:37.024Z] >>> [apiv2][query] POST https://secretmanager.googleapis.com/v1/projects/dosukoi-16815/secrets/NEWSAPIKEY:setIamPolicy [none]
[debug] [2023-04-12T09:53:37.024Z] >>> [apiv2][body] POST https://secretmanager.googleapis.com/v1/projects/dosukoi-16815/secrets/NEWSAPIKEY:setIamPolicy {"policy":{"bindings":[{"role":"roles/secretmanager.secretAccessor","members":["serviceAccount:dosukoi-16815@appspot.gserviceaccount.com"]}]},"updateMask":"bindings"}
[debug] [2023-04-12T09:53:37.563Z] <<< [apiv2][status] POST https://secretmanager.googleapis.com/v1/projects/dosukoi-16815/secrets/NEWSAPIKEY:setIamPolicy 200
[debug] [2023-04-12T09:53:37.563Z] <<< [apiv2][body] POST https://secretmanager.googleapis.com/v1/projects/dosukoi-16815/secrets/NEWSAPIKEY:setIamPolicy {"version":1,"etag":"BwX5IJT0Hzs=","bindings":[{"role":"roles/secretmanager.secretAccessor","members":["serviceAccount:dosukoi-16815@appspot.gserviceaccount.com"]}]}
[info] +  secretmanager: Granted roles/secretmanager.secretAccessor on projects/dosukoi-16815/secrets/NEWSAPIKEY to dosukoi-16815@appspot.gserviceaccount.com 
[info] +  functions: ensured dosukoi-16815@appspot.gserviceaccount.com access to NEWSAPIKEY. 
[debug] [2023-04-12T09:53:37.565Z] [functions] found 1 new HTTP functions, testing setIamPolicy permission...
[debug] [2023-04-12T09:53:37.565Z] >>> [apiv2][query] POST https://cloudresourcemanager.googleapis.com/v1/projects/dosukoi-16815:testIamPermissions [none]
[debug] [2023-04-12T09:53:37.565Z] >>> [apiv2][(partial)header] POST https://cloudresourcemanager.googleapis.com/v1/projects/dosukoi-16815:testIamPermissions x-goog-quota-user=projects/dosukoi-16815
[debug] [2023-04-12T09:53:37.565Z] >>> [apiv2][body] POST https://cloudresourcemanager.googleapis.com/v1/projects/dosukoi-16815:testIamPermissions {"permissions":["cloudfunctions.functions.setIamPolicy"]}
[debug] [2023-04-12T09:53:38.237Z] <<< [apiv2][status] POST https://cloudresourcemanager.googleapis.com/v1/projects/dosukoi-16815:testIamPermissions 200
[debug] [2023-04-12T09:53:38.237Z] <<< [apiv2][body] POST https://cloudresourcemanager.googleapis.com/v1/projects/dosukoi-16815:testIamPermissions {"permissions":["cloudfunctions.functions.setIamPolicy"]}
[debug] [2023-04-12T09:53:38.237Z] [functions] found setIamPolicy permission, proceeding with deploy
[debug] [2023-04-12T09:53:38.238Z] >>> [apiv2][query] POST https://cloudfunctions.googleapis.com/v1/projects/dosukoi-16815/locations/asia-northeast2/functions:generateUploadUrl [none]
[debug] [2023-04-12T09:53:38.238Z] >>> [apiv2][body] POST https://cloudfunctions.googleapis.com/v1/projects/dosukoi-16815/locations/asia-northeast2/functions:generateUploadUrl {}
[debug] [2023-04-12T09:54:03.359Z] <<< [apiv2][status] POST https://cloudfunctions.googleapis.com/v1/projects/dosukoi-16815/locations/asia-northeast2/functions:generateUploadUrl 200
[debug] [2023-04-12T09:54:03.359Z] <<< [apiv2][body] POST https://cloudfunctions.googleapis.com/v1/projects/dosukoi-16815/locations/asia-northeast2/functions:generateUploadUrl {"uploadUrl":"https://storage.googleapis.com/uploads-702545205606.asia-northeast2.cloudfunctions.appspot.com/d7167ed1-2a19-4e91-a085-a54cafbbbaa6.zip?GoogleAccessId=service-110630163115@gcf-admin-robot.iam.gserviceaccount.com&Expires=1681295042&Signature=Jng8Zd9ti4ICs%2FQAeDbLJ1X32ca2nkue10XVhoFZFcUsiWIi1QMXADk3cpM%2BMWLWFIp0xOghrUFnEBKeOmJux49vKJNRnxuBG3ZMzeqYg5RZkPU887t7Ig%2FgtOep2B5ukGVNET8VDr5tK7tTE5PqRgnlBiJxG1X1rO3CwvqcXB9alxLtpOUMZv%2FxAnvggxzJiQC7B5BDFwW2MrkMrS0uzK%2FHQ5PtgIdsn2I%2FyIzReBYMpDGp%2B0DPULbnrWIdRLOi8BcDIU%2F48zI6xhj3OFbfkbcjo9avUpDPNAV0M1Qd2ylyIyAhLGOGNsw0IJxGAYmRRzCuiRWntbGFW70S%2BBcZ%2Fw%3D%3D"}
[debug] [2023-04-12T09:54:03.360Z] >>> [apiv2][query] PUT https://storage.googleapis.com/uploads-702545205606.asia-northeast2.cloudfunctions.appspot.com/d7167ed1-2a19-4e91-a085-a54cafbbbaa6.zip GoogleAccessId=service-110630163115%40gcf-admin-robot.iam.gserviceaccount.com&Expires=1681295042&Signature=Jng8Zd9ti4ICs%2FQAeDbLJ1X32ca2nkue10XVhoFZFcUsiWIi1QMXADk3cpM%2BMWLWFIp0xOghrUFnEBKeOmJux49vKJNRnxuBG3ZMzeqYg5RZkPU887t7Ig%2FgtOep2B5ukGVNET8VDr5tK7tTE5PqRgnlBiJxG1X1rO3CwvqcXB9alxLtpOUMZv%2FxAnvggxzJiQC7B5BDFwW2MrkMrS0uzK%2FHQ5PtgIdsn2I%2FyIzReBYMpDGp%2B0DPULbnrWIdRLOi8BcDIU%2F48zI6xhj3OFbfkbcjo9avUpDPNAV0M1Qd2ylyIyAhLGOGNsw0IJxGAYmRRzCuiRWntbGFW70S%2BBcZ%2Fw%3D%3D
[debug] [2023-04-12T09:54:03.360Z] >>> [apiv2][body] PUT https://storage.googleapis.com/uploads-702545205606.asia-northeast2.cloudfunctions.appspot.com/d7167ed1-2a19-4e91-a085-a54cafbbbaa6.zip [stream]
[debug] [2023-04-12T09:54:03.653Z] <<< [apiv2][status] PUT https://storage.googleapis.com/uploads-702545205606.asia-northeast2.cloudfunctions.appspot.com/d7167ed1-2a19-4e91-a085-a54cafbbbaa6.zip 200
[debug] [2023-04-12T09:54:03.653Z] <<< [apiv2][body] PUT https://storage.googleapis.com/uploads-702545205606.asia-northeast2.cloudfunctions.appspot.com/d7167ed1-2a19-4e91-a085-a54cafbbbaa6.zip [omitted]
[info] +  functions: functions folder uploaded successfully 
[info] i  functions: creating Node.js 16 function getNews(asia-northeast2)... 
[debug] [2023-04-12T09:54:03.656Z] >>> [apiv2][query] POST https://cloudfunctions.googleapis.com/v1/projects/dosukoi-16815/locations/asia-northeast2/functions [none]
[debug] [2023-04-12T09:54:03.656Z] >>> [apiv2][body] POST https://cloudfunctions.googleapis.com/v1/projects/dosukoi-16815/locations/asia-northeast2/functions {"name":"projects/dosukoi-16815/locations/asia-northeast2/functions/getNews","sourceUploadUrl":"https://storage.googleapis.com/uploads-702545205606.asia-northeast2.cloudfunctions.appspot.com/d7167ed1-2a19-4e91-a085-a54cafbbbaa6.zip?GoogleAccessId=service-110630163115@gcf-admin-robot.iam.gserviceaccount.com&Expires=1681295042&Signature=Jng8Zd9ti4ICs%2FQAeDbLJ1X32ca2nkue10XVhoFZFcUsiWIi1QMXADk3cpM%2BMWLWFIp0xOghrUFnEBKeOmJux49vKJNRnxuBG3ZMzeqYg5RZkPU887t7Ig%2FgtOep2B5ukGVNET8VDr5tK7tTE5PqRgnlBiJxG1X1rO3CwvqcXB9alxLtpOUMZv%2FxAnvggxzJiQC7B5BDFwW2MrkMrS0uzK%2FHQ5PtgIdsn2I%2FyIzReBYMpDGp%2B0DPULbnrWIdRLOi8BcDIU%2F48zI6xhj3OFbfkbcjo9avUpDPNAV0M1Qd2ylyIyAhLGOGNsw0IJxGAYmRRzCuiRWntbGFW70S%2BBcZ%2Fw%3D%3D","entryPoint":"getNews","runtime":"nodejs16","dockerRegistry":"ARTIFACT_REGISTRY","labels":{"deployment-tool":"cli-firebase","firebase-functions-hash":"13653156d0ddc4c607dbfb9f29b462af90a1d950"},"httpsTrigger":{"securityLevel":"SECURE_ALWAYS"},"minInstances":null,"maxInstances":null,"ingressSettings":null,"environmentVariables":{"FIREBASE_CONFIG":"{\"projectId\":\"dosukoi-16815\",\"storageBucket\":\"dosukoi-16815.appspot.com\",\"locationId\":\"asia-northeast1\"}","GCLOUD_PROJECT":"dosukoi-16815","EVENTARC_CLOUD_EVENT_SOURCE":"projects/dosukoi-16815/locations/asia-northeast2/functions/getNews"},"secretEnvironmentVariables":[{"key":"NEWSAPIKEY","secret":"NEWSAPIKEY","projectId":"dosukoi-16815","version":"1"}],"serviceAccountEmail":null,"availableMemoryMb":null,"timeout":null,"vpcConnector":null,"vpcConnectorEgressSettings":null}
[debug] [2023-04-12T09:54:05.435Z] <<< [apiv2][status] POST https://cloudfunctions.googleapis.com/v1/projects/dosukoi-16815/locations/asia-northeast2/functions 200
[debug] [2023-04-12T09:54:05.435Z] <<< [apiv2][body] POST https://cloudfunctions.googleapis.com/v1/projects/dosukoi-16815/locations/asia-northeast2/functions {"name":"operations/ZG9zdWtvaS0xNjgxNS9hc2lhLW5vcnRoZWFzdDIvZ2V0TmV3cy9ydjkxcmNxeElmSQ","metadata":{"@type":"type.googleapis.com/google.cloud.functions.v1.OperationMetadataV1","target":"projects/dosukoi-16815/locations/asia-northeast2/functions/getNews","type":"CREATE_FUNCTION","request":{"@type":"type.googleapis.com/google.cloud.functions.v1.CloudFunction","name":"projects/dosukoi-16815/locations/asia-northeast2/functions/getNews","httpsTrigger":{"securityLevel":"SECURE_ALWAYS"},"entryPoint":"getNews","labels":{"deployment-tool":"cli-firebase","firebase-functions-hash":"13653156d0ddc4c607dbfb9f29b462af90a1d950"},"sourceUploadUrl":"https://storage.googleapis.com/uploads-702545205606.asia-northeast2.cloudfunctions.appspot.com/d7167ed1-2a19-4e91-a085-a54cafbbbaa6.zip?GoogleAccessId=service-110630163115@gcf-admin-robot.iam.gserviceaccount.com&Expires=1681295042&Signature=Jng8Zd9ti4ICs%2FQAeDbLJ1X32ca2nkue10XVhoFZFcUsiWIi1QMXADk3cpM%2BMWLWFIp0xOghrUFnEBKeOmJux49vKJNRnxuBG3ZMzeqYg5RZkPU887t7Ig%2FgtOep2B5ukGVNET8VDr5tK7tTE5PqRgnlBiJxG1X1rO3CwvqcXB9alxLtpOUMZv%2FxAnvggxzJiQC7B5BDFwW2MrkMrS0uzK%2FHQ5PtgIdsn2I%2FyIzReBYMpDGp%2B0DPULbnrWIdRLOi8BcDIU%2F48zI6xhj3OFbfkbcjo9avUpDPNAV0M1Qd2ylyIyAhLGOGNsw0IJxGAYmRRzCuiRWntbGFW70S%2BBcZ%2Fw%3D%3D","environmentVariables":{"FIREBASE_CONFIG":"{\"projectId\":\"dosukoi-16815\",\"storageBucket\":\"dosukoi-16815.appspot.com\",\"locationId\":\"asia-northeast1\"}","GCLOUD_PROJECT":"dosukoi-16815","EVENTARC_CLOUD_EVENT_SOURCE":"projects/dosukoi-16815/locations/asia-northeast2/functions/getNews"},"runtime":"nodejs16","secretEnvironmentVariables":[{"key":"NEWSAPIKEY","projectId":"dosukoi-16815","secret":"NEWSAPIKEY","version":"1"}],"dockerRegistry":"ARTIFACT_REGISTRY"},"versionId":"1","updateTime":"2023-04-12T09:54:04Z"}}
[debug] [2023-04-12T09:54:05.436Z] >>> [apiv2][query] GET https://cloudfunctions.googleapis.com/v1/operations/ZG9zdWtvaS0xNjgxNS9hc2lhLW5vcnRoZWFzdDIvZ2V0TmV3cy9ydjkxcmNxeElmSQ [none]
[debug] [2023-04-12T09:54:05.693Z] <<< [apiv2][status] GET https://cloudfunctions.googleapis.com/v1/operations/ZG9zdWtvaS0xNjgxNS9hc2lhLW5vcnRoZWFzdDIvZ2V0TmV3cy9ydjkxcmNxeElmSQ 200
[debug] [2023-04-12T09:54:05.693Z] <<< [apiv2][body] GET https://cloudfunctions.googleapis.com/v1/operations/ZG9zdWtvaS0xNjgxNS9hc2lhLW5vcnRoZWFzdDIvZ2V0TmV3cy9ydjkxcmNxeElmSQ {"name":"operations/ZG9zdWtvaS0xNjgxNS9hc2lhLW5vcnRoZWFzdDIvZ2V0TmV3cy9ydjkxcmNxeElmSQ","metadata":{"@type":"type.googleapis.com/google.cloud.functions.v1.OperationMetadataV1","target":"projects/dosukoi-16815/locations/asia-northeast2/functions/getNews","type":"CREATE_FUNCTION","request":{"@type":"type.googleapis.com/google.cloud.functions.v1.CloudFunction","name":"projects/dosukoi-16815/locations/asia-northeast2/functions/getNews","httpsTrigger":{"securityLevel":"SECURE_ALWAYS"},"entryPoint":"getNews","labels":{"deployment-tool":"cli-firebase","firebase-functions-hash":"13653156d0ddc4c607dbfb9f29b462af90a1d950"},"sourceUploadUrl":"https://storage.googleapis.com/uploads-702545205606.asia-northeast2.cloudfunctions.appspot.com/d7167ed1-2a19-4e91-a085-a54cafbbbaa6.zip?GoogleAccessId=service-110630163115@gcf-admin-robot.iam.gserviceaccount.com&Expires=1681295042&Signature=Jng8Zd9ti4ICs%2FQAeDbLJ1X32ca2nkue10XVhoFZFcUsiWIi1QMXADk3cpM%2BMWLWFIp0xOghrUFnEBKeOmJux49vKJNRnxuBG3ZMzeqYg5RZkPU887t7Ig%2FgtOep2B5ukGVNET8VDr5tK7tTE5PqRgnlBiJxG1X1rO3CwvqcXB9alxLtpOUMZv%2FxAnvggxzJiQC7B5BDFwW2MrkMrS0uzK%2FHQ5PtgIdsn2I%2FyIzReBYMpDGp%2B0DPULbnrWIdRLOi8BcDIU%2F48zI6xhj3OFbfkbcjo9avUpDPNAV0M1Qd2ylyIyAhLGOGNsw0IJxGAYmRRzCuiRWntbGFW70S%2BBcZ%2Fw%3D%3D","environmentVariables":{"FIREBASE_CONFIG":"{\"projectId\":\"dosukoi-16815\",\"storageBucket\":\"dosukoi-16815.appspot.com\",\"locationId\":\"asia-northeast1\"}","GCLOUD_PROJECT":"dosukoi-16815","EVENTARC_CLOUD_EVENT_SOURCE":"projects/dosukoi-16815/locations/asia-northeast2/functions/getNews"},"runtime":"nodejs16","secretEnvironmentVariables":[{"key":"NEWSAPIKEY","projectId":"dosukoi-16815","secret":"NEWSAPIKEY","version":"1"}],"dockerRegistry":"ARTIFACT_REGISTRY"},"versionId":"1","updateTime":"2023-04-12T09:54:04Z"}}
[debug] [2023-04-12T09:54:06.202Z] [create-default-asia-northeast2-getNews] Retrying task index 0
[debug] [2023-04-12T09:54:06.202Z] >>> [apiv2][query] GET https://cloudfunctions.googleapis.com/v1/operations/ZG9zdWtvaS0xNjgxNS9hc2lhLW5vcnRoZWFzdDIvZ2V0TmV3cy9ydjkxcmNxeElmSQ [none]
[debug] [2023-04-12T09:54:06.658Z] <<< [apiv2][status] GET https://cloudfunctions.googleapis.com/v1/operations/ZG9zdWtvaS0xNjgxNS9hc2lhLW5vcnRoZWFzdDIvZ2V0TmV3cy9ydjkxcmNxeElmSQ 200
[debug] [2023-04-12T09:54:06.658Z] <<< [apiv2][body] GET https://cloudfunctions.googleapis.com/v1/operations/ZG9zdWtvaS0xNjgxNS9hc2lhLW5vcnRoZWFzdDIvZ2V0TmV3cy9ydjkxcmNxeElmSQ {"name":"operations/ZG9zdWtvaS0xNjgxNS9hc2lhLW5vcnRoZWFzdDIvZ2V0TmV3cy9ydjkxcmNxeElmSQ","metadata":{"@type":"type.googleapis.com/google.cloud.functions.v1.OperationMetadataV1","target":"projects/dosukoi-16815/locations/asia-northeast2/functions/getNews","type":"CREATE_FUNCTION","request":{"@type":"type.googleapis.com/google.cloud.functions.v1.CloudFunction","name":"projects/dosukoi-16815/locations/asia-northeast2/functions/getNews","httpsTrigger":{"securityLevel":"SECURE_ALWAYS"},"entryPoint":"getNews","labels":{"deployment-tool":"cli-firebase","firebase-functions-hash":"13653156d0ddc4c607dbfb9f29b462af90a1d950"},"sourceUploadUrl":"https://storage.googleapis.com/uploads-702545205606.asia-northeast2.cloudfunctions.appspot.com/d7167ed1-2a19-4e91-a085-a54cafbbbaa6.zip?GoogleAccessId=service-110630163115@gcf-admin-robot.iam.gserviceaccount.com&Expires=1681295042&Signature=Jng8Zd9ti4ICs%2FQAeDbLJ1X32ca2nkue10XVhoFZFcUsiWIi1QMXADk3cpM%2BMWLWFIp0xOghrUFnEBKeOmJux49vKJNRnxuBG3ZMzeqYg5RZkPU887t7Ig%2FgtOep2B5ukGVNET8VDr5tK7tTE5PqRgnlBiJxG1X1rO3CwvqcXB9alxLtpOUMZv%2FxAnvggxzJiQC7B5BDFwW2MrkMrS0uzK%2FHQ5PtgIdsn2I%2FyIzReBYMpDGp%2B0DPULbnrWIdRLOi8BcDIU%2F48zI6xhj3OFbfkbcjo9avUpDPNAV0M1Qd2ylyIyAhLGOGNsw0IJxGAYmRRzCuiRWntbGFW70S%2BBcZ%2Fw%3D%3D","environmentVariables":{"FIREBASE_CONFIG":"{\"projectId\":\"dosukoi-16815\",\"storageBucket\":\"dosukoi-16815.appspot.com\",\"locationId\":\"asia-northeast1\"}","GCLOUD_PROJECT":"dosukoi-16815","EVENTARC_CLOUD_EVENT_SOURCE":"projects/dosukoi-16815/locations/asia-northeast2/functions/getNews"},"runtime":"nodejs16","secretEnvironmentVariables":[{"key":"NEWSAPIKEY","projectId":"dosukoi-16815","secret":"NEWSAPIKEY","version":"1"}],"dockerRegistry":"ARTIFACT_REGISTRY"},"versionId":"1","updateTime":"2023-04-12T09:54:05Z"}}
[debug] [2023-04-12T09:54:07.662Z] [create-default-asia-northeast2-getNews] Retrying task index 0
[debug] [2023-04-12T09:54:07.663Z] >>> [apiv2][query] GET https://cloudfunctions.googleapis.com/v1/operations/ZG9zdWtvaS0xNjgxNS9hc2lhLW5vcnRoZWFzdDIvZ2V0TmV3cy9ydjkxcmNxeElmSQ [none]
[debug] [2023-04-12T09:54:08.068Z] <<< [apiv2][status] GET https://cloudfunctions.googleapis.com/v1/operations/ZG9zdWtvaS0xNjgxNS9hc2lhLW5vcnRoZWFzdDIvZ2V0TmV3cy9ydjkxcmNxeElmSQ 200
[debug] [2023-04-12T09:54:08.068Z] <<< [apiv2][body] GET https://cloudfunctions.googleapis.com/v1/operations/ZG9zdWtvaS0xNjgxNS9hc2lhLW5vcnRoZWFzdDIvZ2V0TmV3cy9ydjkxcmNxeElmSQ {"name":"operations/ZG9zdWtvaS0xNjgxNS9hc2lhLW5vcnRoZWFzdDIvZ2V0TmV3cy9ydjkxcmNxeElmSQ","metadata":{"@type":"type.googleapis.com/google.cloud.functions.v1.OperationMetadataV1","target":"projects/dosukoi-16815/locations/asia-northeast2/functions/getNews","type":"CREATE_FUNCTION","request":{"@type":"type.googleapis.com/google.cloud.functions.v1.CloudFunction","name":"projects/dosukoi-16815/locations/asia-northeast2/functions/getNews","httpsTrigger":{"securityLevel":"SECURE_ALWAYS"},"entryPoint":"getNews","labels":{"deployment-tool":"cli-firebase","firebase-functions-hash":"13653156d0ddc4c607dbfb9f29b462af90a1d950"},"sourceUploadUrl":"https://storage.googleapis.com/uploads-702545205606.asia-northeast2.cloudfunctions.appspot.com/d7167ed1-2a19-4e91-a085-a54cafbbbaa6.zip?GoogleAccessId=service-110630163115@gcf-admin-robot.iam.gserviceaccount.com&Expires=1681295042&Signature=Jng8Zd9ti4ICs%2FQAeDbLJ1X32ca2nkue10XVhoFZFcUsiWIi1QMXADk3cpM%2BMWLWFIp0xOghrUFnEBKeOmJux49vKJNRnxuBG3ZMzeqYg5RZkPU887t7Ig%2FgtOep2B5ukGVNET8VDr5tK7tTE5PqRgnlBiJxG1X1rO3CwvqcXB9alxLtpOUMZv%2FxAnvggxzJiQC7B5BDFwW2MrkMrS0uzK%2FHQ5PtgIdsn2I%2FyIzReBYMpDGp%2B0DPULbnrWIdRLOi8BcDIU%2F48zI6xhj3OFbfkbcjo9avUpDPNAV0M1Qd2ylyIyAhLGOGNsw0IJxGAYmRRzCuiRWntbGFW70S%2BBcZ%2Fw%3D%3D","environmentVariables":{"FIREBASE_CONFIG":"{\"projectId\":\"dosukoi-16815\",\"storageBucket\":\"dosukoi-16815.appspot.com\",\"locationId\":\"asia-northeast1\"}","GCLOUD_PROJECT":"dosukoi-16815","EVENTARC_CLOUD_EVENT_SOURCE":"projects/dosukoi-16815/locations/asia-northeast2/functions/getNews"},"runtime":"nodejs16","secretEnvironmentVariables":[{"key":"NEWSAPIKEY","projectId":"dosukoi-16815","secret":"NEWSAPIKEY","version":"1"}],"dockerRegistry":"ARTIFACT_REGISTRY"},"versionId":"1","updateTime":"2023-04-12T09:54:05Z"}}
[debug] [2023-04-12T09:54:10.076Z] [create-default-asia-northeast2-getNews] Retrying task index 0
[debug] [2023-04-12T09:54:10.077Z] >>> [apiv2][query] GET https://cloudfunctions.googleapis.com/v1/operations/ZG9zdWtvaS0xNjgxNS9hc2lhLW5vcnRoZWFzdDIvZ2V0TmV3cy9ydjkxcmNxeElmSQ [none]
[debug] [2023-04-12T09:54:10.292Z] <<< [apiv2][status] GET https://cloudfunctions.googleapis.com/v1/operations/ZG9zdWtvaS0xNjgxNS9hc2lhLW5vcnRoZWFzdDIvZ2V0TmV3cy9ydjkxcmNxeElmSQ 200
[debug] [2023-04-12T09:54:10.292Z] <<< [apiv2][body] GET https://cloudfunctions.googleapis.com/v1/operations/ZG9zdWtvaS0xNjgxNS9hc2lhLW5vcnRoZWFzdDIvZ2V0TmV3cy9ydjkxcmNxeElmSQ {"name":"operations/ZG9zdWtvaS0xNjgxNS9hc2lhLW5vcnRoZWFzdDIvZ2V0TmV3cy9ydjkxcmNxeElmSQ","metadata":{"@type":"type.googleapis.com/google.cloud.functions.v1.OperationMetadataV1","target":"projects/dosukoi-16815/locations/asia-northeast2/functions/getNews","type":"CREATE_FUNCTION","request":{"@type":"type.googleapis.com/google.cloud.functions.v1.CloudFunction","name":"projects/dosukoi-16815/locations/asia-northeast2/functions/getNews","httpsTrigger":{"securityLevel":"SECURE_ALWAYS"},"entryPoint":"getNews","labels":{"deployment-tool":"cli-firebase","firebase-functions-hash":"13653156d0ddc4c607dbfb9f29b462af90a1d950"},"sourceUploadUrl":"https://storage.googleapis.com/uploads-702545205606.asia-northeast2.cloudfunctions.appspot.com/d7167ed1-2a19-4e91-a085-a54cafbbbaa6.zip?GoogleAccessId=service-110630163115@gcf-admin-robot.iam.gserviceaccount.com&Expires=1681295042&Signature=Jng8Zd9ti4ICs%2FQAeDbLJ1X32ca2nkue10XVhoFZFcUsiWIi1QMXADk3cpM%2BMWLWFIp0xOghrUFnEBKeOmJux49vKJNRnxuBG3ZMzeqYg5RZkPU887t7Ig%2FgtOep2B5ukGVNET8VDr5tK7tTE5PqRgnlBiJxG1X1rO3CwvqcXB9alxLtpOUMZv%2FxAnvggxzJiQC7B5BDFwW2MrkMrS0uzK%2FHQ5PtgIdsn2I%2FyIzReBYMpDGp%2B0DPULbnrWIdRLOi8BcDIU%2F48zI6xhj3OFbfkbcjo9avUpDPNAV0M1Qd2ylyIyAhLGOGNsw0IJxGAYmRRzCuiRWntbGFW70S%2BBcZ%2Fw%3D%3D","environmentVariables":{"FIREBASE_CONFIG":"{\"projectId\":\"dosukoi-16815\",\"storageBucket\":\"dosukoi-16815.appspot.com\",\"locationId\":\"asia-northeast1\"}","GCLOUD_PROJECT":"dosukoi-16815","EVENTARC_CLOUD_EVENT_SOURCE":"projects/dosukoi-16815/locations/asia-northeast2/functions/getNews"},"runtime":"nodejs16","secretEnvironmentVariables":[{"key":"NEWSAPIKEY","projectId":"dosukoi-16815","secret":"NEWSAPIKEY","version":"1"}],"dockerRegistry":"ARTIFACT_REGISTRY"},"versionId":"1","updateTime":"2023-04-12T09:54:05Z"}}
[debug] [2023-04-12T09:54:14.305Z] [create-default-asia-northeast2-getNews] Retrying task index 0
[debug] [2023-04-12T09:54:14.306Z] >>> [apiv2][query] GET https://cloudfunctions.googleapis.com/v1/operations/ZG9zdWtvaS0xNjgxNS9hc2lhLW5vcnRoZWFzdDIvZ2V0TmV3cy9ydjkxcmNxeElmSQ [none]
[debug] [2023-04-12T09:54:14.719Z] <<< [apiv2][status] GET https://cloudfunctions.googleapis.com/v1/operations/ZG9zdWtvaS0xNjgxNS9hc2lhLW5vcnRoZWFzdDIvZ2V0TmV3cy9ydjkxcmNxeElmSQ 200
[debug] [2023-04-12T09:54:14.719Z] <<< [apiv2][body] GET https://cloudfunctions.googleapis.com/v1/operations/ZG9zdWtvaS0xNjgxNS9hc2lhLW5vcnRoZWFzdDIvZ2V0TmV3cy9ydjkxcmNxeElmSQ {"name":"operations/ZG9zdWtvaS0xNjgxNS9hc2lhLW5vcnRoZWFzdDIvZ2V0TmV3cy9ydjkxcmNxeElmSQ","metadata":{"@type":"type.googleapis.com/google.cloud.functions.v1.OperationMetadataV1","target":"projects/dosukoi-16815/locations/asia-northeast2/functions/getNews","type":"CREATE_FUNCTION","request":{"@type":"type.googleapis.com/google.cloud.functions.v1.CloudFunction","name":"projects/dosukoi-16815/locations/asia-northeast2/functions/getNews","httpsTrigger":{"securityLevel":"SECURE_ALWAYS"},"entryPoint":"getNews","labels":{"deployment-tool":"cli-firebase","firebase-functions-hash":"13653156d0ddc4c607dbfb9f29b462af90a1d950"},"sourceUploadUrl":"https://storage.googleapis.com/uploads-702545205606.asia-northeast2.cloudfunctions.appspot.com/d7167ed1-2a19-4e91-a085-a54cafbbbaa6.zip?GoogleAccessId=service-110630163115@gcf-admin-robot.iam.gserviceaccount.com&Expires=1681295042&Signature=Jng8Zd9ti4ICs%2FQAeDbLJ1X32ca2nkue10XVhoFZFcUsiWIi1QMXADk3cpM%2BMWLWFIp0xOghrUFnEBKeOmJux49vKJNRnxuBG3ZMzeqYg5RZkPU887t7Ig%2FgtOep2B5ukGVNET8VDr5tK7tTE5PqRgnlBiJxG1X1rO3CwvqcXB9alxLtpOUMZv%2FxAnvggxzJiQC7B5BDFwW2MrkMrS0uzK%2FHQ5PtgIdsn2I%2FyIzReBYMpDGp%2B0DPULbnrWIdRLOi8BcDIU%2F48zI6xhj3OFbfkbcjo9avUpDPNAV0M1Qd2ylyIyAhLGOGNsw0IJxGAYmRRzCuiRWntbGFW70S%2BBcZ%2Fw%3D%3D","environmentVariables":{"FIREBASE_CONFIG":"{\"projectId\":\"dosukoi-16815\",\"storageBucket\":\"dosukoi-16815.appspot.com\",\"locationId\":\"asia-northeast1\"}","GCLOUD_PROJECT":"dosukoi-16815","EVENTARC_CLOUD_EVENT_SOURCE":"projects/dosukoi-16815/locations/asia-northeast2/functions/getNews"},"runtime":"nodejs16","secretEnvironmentVariables":[{"key":"NEWSAPIKEY","projectId":"dosukoi-16815","secret":"NEWSAPIKEY","version":"1"}],"dockerRegistry":"ARTIFACT_REGISTRY"},"versionId":"1","updateTime":"2023-04-12T09:54:05Z"}}
[debug] [2023-04-12T09:54:22.724Z] [create-default-asia-northeast2-getNews] Retrying task index 0
[debug] [2023-04-12T09:54:22.724Z] >>> [apiv2][query] GET https://cloudfunctions.googleapis.com/v1/operations/ZG9zdWtvaS0xNjgxNS9hc2lhLW5vcnRoZWFzdDIvZ2V0TmV3cy9ydjkxcmNxeElmSQ [none]
[debug] [2023-04-12T09:54:23.188Z] <<< [apiv2][status] GET https://cloudfunctions.googleapis.com/v1/operations/ZG9zdWtvaS0xNjgxNS9hc2lhLW5vcnRoZWFzdDIvZ2V0TmV3cy9ydjkxcmNxeElmSQ 200
[debug] [2023-04-12T09:54:23.188Z] <<< [apiv2][body] GET https://cloudfunctions.googleapis.com/v1/operations/ZG9zdWtvaS0xNjgxNS9hc2lhLW5vcnRoZWFzdDIvZ2V0TmV3cy9ydjkxcmNxeElmSQ {"name":"operations/ZG9zdWtvaS0xNjgxNS9hc2lhLW5vcnRoZWFzdDIvZ2V0TmV3cy9ydjkxcmNxeElmSQ","metadata":{"@type":"type.googleapis.com/google.cloud.functions.v1.OperationMetadataV1","target":"projects/dosukoi-16815/locations/asia-northeast2/functions/getNews","type":"CREATE_FUNCTION","request":{"@type":"type.googleapis.com/google.cloud.functions.v1.CloudFunction","name":"projects/dosukoi-16815/locations/asia-northeast2/functions/getNews","httpsTrigger":{"securityLevel":"SECURE_ALWAYS"},"entryPoint":"getNews","labels":{"deployment-tool":"cli-firebase","firebase-functions-hash":"13653156d0ddc4c607dbfb9f29b462af90a1d950"},"sourceUploadUrl":"https://storage.googleapis.com/uploads-702545205606.asia-northeast2.cloudfunctions.appspot.com/d7167ed1-2a19-4e91-a085-a54cafbbbaa6.zip?GoogleAccessId=service-110630163115@gcf-admin-robot.iam.gserviceaccount.com&Expires=1681295042&Signature=Jng8Zd9ti4ICs%2FQAeDbLJ1X32ca2nkue10XVhoFZFcUsiWIi1QMXADk3cpM%2BMWLWFIp0xOghrUFnEBKeOmJux49vKJNRnxuBG3ZMzeqYg5RZkPU887t7Ig%2FgtOep2B5ukGVNET8VDr5tK7tTE5PqRgnlBiJxG1X1rO3CwvqcXB9alxLtpOUMZv%2FxAnvggxzJiQC7B5BDFwW2MrkMrS0uzK%2FHQ5PtgIdsn2I%2FyIzReBYMpDGp%2B0DPULbnrWIdRLOi8BcDIU%2F48zI6xhj3OFbfkbcjo9avUpDPNAV0M1Qd2ylyIyAhLGOGNsw0IJxGAYmRRzCuiRWntbGFW70S%2BBcZ%2Fw%3D%3D","environmentVariables":{"FIREBASE_CONFIG":"{\"projectId\":\"dosukoi-16815\",\"storageBucket\":\"dosukoi-16815.appspot.com\",\"locationId\":\"asia-northeast1\"}","GCLOUD_PROJECT":"dosukoi-16815","EVENTARC_CLOUD_EVENT_SOURCE":"projects/dosukoi-16815/locations/asia-northeast2/functions/getNews"},"runtime":"nodejs16","secretEnvironmentVariables":[{"key":"NEWSAPIKEY","projectId":"dosukoi-16815","secret":"NEWSAPIKEY","version":"1"}],"dockerRegistry":"ARTIFACT_REGISTRY"},"versionId":"1","updateTime":"2023-04-12T09:54:05Z","buildId":"07d499b0-a660-461e-8f04-c7d61bdacb76","buildName":"projects/110630163115/locations/asia-northeast2/builds/07d499b0-a660-461e-8f04-c7d61bdacb76"}}
[debug] [2023-04-12T09:54:33.202Z] [create-default-asia-northeast2-getNews] Retrying task index 0
[debug] [2023-04-12T09:54:33.203Z] >>> [apiv2][query] GET https://cloudfunctions.googleapis.com/v1/operations/ZG9zdWtvaS0xNjgxNS9hc2lhLW5vcnRoZWFzdDIvZ2V0TmV3cy9ydjkxcmNxeElmSQ [none]
[debug] [2023-04-12T09:54:33.464Z] <<< [apiv2][status] GET https://cloudfunctions.googleapis.com/v1/operations/ZG9zdWtvaS0xNjgxNS9hc2lhLW5vcnRoZWFzdDIvZ2V0TmV3cy9ydjkxcmNxeElmSQ 200
[debug] [2023-04-12T09:54:33.464Z] <<< [apiv2][body] GET https://cloudfunctions.googleapis.com/v1/operations/ZG9zdWtvaS0xNjgxNS9hc2lhLW5vcnRoZWFzdDIvZ2V0TmV3cy9ydjkxcmNxeElmSQ {"name":"operations/ZG9zdWtvaS0xNjgxNS9hc2lhLW5vcnRoZWFzdDIvZ2V0TmV3cy9ydjkxcmNxeElmSQ","metadata":{"@type":"type.googleapis.com/google.cloud.functions.v1.OperationMetadataV1","target":"projects/dosukoi-16815/locations/asia-northeast2/functions/getNews","type":"CREATE_FUNCTION","request":{"@type":"type.googleapis.com/google.cloud.functions.v1.CloudFunction","name":"projects/dosukoi-16815/locations/asia-northeast2/functions/getNews","httpsTrigger":{"securityLevel":"SECURE_ALWAYS"},"entryPoint":"getNews","labels":{"deployment-tool":"cli-firebase","firebase-functions-hash":"13653156d0ddc4c607dbfb9f29b462af90a1d950"},"sourceUploadUrl":"https://storage.googleapis.com/uploads-702545205606.asia-northeast2.cloudfunctions.appspot.com/d7167ed1-2a19-4e91-a085-a54cafbbbaa6.zip?GoogleAccessId=service-110630163115@gcf-admin-robot.iam.gserviceaccount.com&Expires=1681295042&Signature=Jng8Zd9ti4ICs%2FQAeDbLJ1X32ca2nkue10XVhoFZFcUsiWIi1QMXADk3cpM%2BMWLWFIp0xOghrUFnEBKeOmJux49vKJNRnxuBG3ZMzeqYg5RZkPU887t7Ig%2FgtOep2B5ukGVNET8VDr5tK7tTE5PqRgnlBiJxG1X1rO3CwvqcXB9alxLtpOUMZv%2FxAnvggxzJiQC7B5BDFwW2MrkMrS0uzK%2FHQ5PtgIdsn2I%2FyIzReBYMpDGp%2B0DPULbnrWIdRLOi8BcDIU%2F48zI6xhj3OFbfkbcjo9avUpDPNAV0M1Qd2ylyIyAhLGOGNsw0IJxGAYmRRzCuiRWntbGFW70S%2BBcZ%2Fw%3D%3D","environmentVariables":{"FIREBASE_CONFIG":"{\"projectId\":\"dosukoi-16815\",\"storageBucket\":\"dosukoi-16815.appspot.com\",\"locationId\":\"asia-northeast1\"}","GCLOUD_PROJECT":"dosukoi-16815","EVENTARC_CLOUD_EVENT_SOURCE":"projects/dosukoi-16815/locations/asia-northeast2/functions/getNews"},"runtime":"nodejs16","secretEnvironmentVariables":[{"key":"NEWSAPIKEY","projectId":"dosukoi-16815","secret":"NEWSAPIKEY","version":"1"}],"dockerRegistry":"ARTIFACT_REGISTRY"},"versionId":"1","updateTime":"2023-04-12T09:54:05Z","buildId":"07d499b0-a660-461e-8f04-c7d61bdacb76","buildName":"projects/110630163115/locations/asia-northeast2/builds/07d499b0-a660-461e-8f04-c7d61bdacb76"}}
[debug] [2023-04-12T09:54:43.466Z] [create-default-asia-northeast2-getNews] Retrying task index 0
[debug] [2023-04-12T09:54:43.466Z] >>> [apiv2][query] GET https://cloudfunctions.googleapis.com/v1/operations/ZG9zdWtvaS0xNjgxNS9hc2lhLW5vcnRoZWFzdDIvZ2V0TmV3cy9ydjkxcmNxeElmSQ [none]
[debug] [2023-04-12T09:54:43.933Z] <<< [apiv2][status] GET https://cloudfunctions.googleapis.com/v1/operations/ZG9zdWtvaS0xNjgxNS9hc2lhLW5vcnRoZWFzdDIvZ2V0TmV3cy9ydjkxcmNxeElmSQ 200
[debug] [2023-04-12T09:54:43.933Z] <<< [apiv2][body] GET https://cloudfunctions.googleapis.com/v1/operations/ZG9zdWtvaS0xNjgxNS9hc2lhLW5vcnRoZWFzdDIvZ2V0TmV3cy9ydjkxcmNxeElmSQ {"name":"operations/ZG9zdWtvaS0xNjgxNS9hc2lhLW5vcnRoZWFzdDIvZ2V0TmV3cy9ydjkxcmNxeElmSQ","metadata":{"@type":"type.googleapis.com/google.cloud.functions.v1.OperationMetadataV1","target":"projects/dosukoi-16815/locations/asia-northeast2/functions/getNews","type":"CREATE_FUNCTION","request":{"@type":"type.googleapis.com/google.cloud.functions.v1.CloudFunction","name":"projects/dosukoi-16815/locations/asia-northeast2/functions/getNews","httpsTrigger":{"securityLevel":"SECURE_ALWAYS"},"entryPoint":"getNews","labels":{"deployment-tool":"cli-firebase","firebase-functions-hash":"13653156d0ddc4c607dbfb9f29b462af90a1d950"},"sourceUploadUrl":"https://storage.googleapis.com/uploads-702545205606.asia-northeast2.cloudfunctions.appspot.com/d7167ed1-2a19-4e91-a085-a54cafbbbaa6.zip?GoogleAccessId=service-110630163115@gcf-admin-robot.iam.gserviceaccount.com&Expires=1681295042&Signature=Jng8Zd9ti4ICs%2FQAeDbLJ1X32ca2nkue10XVhoFZFcUsiWIi1QMXADk3cpM%2BMWLWFIp0xOghrUFnEBKeOmJux49vKJNRnxuBG3ZMzeqYg5RZkPU887t7Ig%2FgtOep2B5ukGVNET8VDr5tK7tTE5PqRgnlBiJxG1X1rO3CwvqcXB9alxLtpOUMZv%2FxAnvggxzJiQC7B5BDFwW2MrkMrS0uzK%2FHQ5PtgIdsn2I%2FyIzReBYMpDGp%2B0DPULbnrWIdRLOi8BcDIU%2F48zI6xhj3OFbfkbcjo9avUpDPNAV0M1Qd2ylyIyAhLGOGNsw0IJxGAYmRRzCuiRWntbGFW70S%2BBcZ%2Fw%3D%3D","environmentVariables":{"FIREBASE_CONFIG":"{\"projectId\":\"dosukoi-16815\",\"storageBucket\":\"dosukoi-16815.appspot.com\",\"locationId\":\"asia-northeast1\"}","GCLOUD_PROJECT":"dosukoi-16815","EVENTARC_CLOUD_EVENT_SOURCE":"projects/dosukoi-16815/locations/asia-northeast2/functions/getNews"},"runtime":"nodejs16","secretEnvironmentVariables":[{"key":"NEWSAPIKEY","projectId":"dosukoi-16815","secret":"NEWSAPIKEY","version":"1"}],"dockerRegistry":"ARTIFACT_REGISTRY"},"versionId":"1","updateTime":"2023-04-12T09:54:05Z","buildId":"07d499b0-a660-461e-8f04-c7d61bdacb76","buildName":"projects/110630163115/locations/asia-northeast2/builds/07d499b0-a660-461e-8f04-c7d61bdacb76"}}
[debug] [2023-04-12T09:54:53.946Z] [create-default-asia-northeast2-getNews] Retrying task index 0
[debug] [2023-04-12T09:54:53.946Z] >>> [apiv2][query] GET https://cloudfunctions.googleapis.com/v1/operations/ZG9zdWtvaS0xNjgxNS9hc2lhLW5vcnRoZWFzdDIvZ2V0TmV3cy9ydjkxcmNxeElmSQ [none]
[debug] [2023-04-12T09:54:54.173Z] <<< [apiv2][status] GET https://cloudfunctions.googleapis.com/v1/operations/ZG9zdWtvaS0xNjgxNS9hc2lhLW5vcnRoZWFzdDIvZ2V0TmV3cy9ydjkxcmNxeElmSQ 200
[debug] [2023-04-12T09:54:54.173Z] <<< [apiv2][body] GET https://cloudfunctions.googleapis.com/v1/operations/ZG9zdWtvaS0xNjgxNS9hc2lhLW5vcnRoZWFzdDIvZ2V0TmV3cy9ydjkxcmNxeElmSQ {"name":"operations/ZG9zdWtvaS0xNjgxNS9hc2lhLW5vcnRoZWFzdDIvZ2V0TmV3cy9ydjkxcmNxeElmSQ","metadata":{"@type":"type.googleapis.com/google.cloud.functions.v1.OperationMetadataV1","target":"projects/dosukoi-16815/locations/asia-northeast2/functions/getNews","type":"CREATE_FUNCTION","request":{"@type":"type.googleapis.com/google.cloud.functions.v1.CloudFunction","name":"projects/dosukoi-16815/locations/asia-northeast2/functions/getNews","httpsTrigger":{"securityLevel":"SECURE_ALWAYS"},"entryPoint":"getNews","labels":{"deployment-tool":"cli-firebase","firebase-functions-hash":"13653156d0ddc4c607dbfb9f29b462af90a1d950"},"sourceUploadUrl":"https://storage.googleapis.com/uploads-702545205606.asia-northeast2.cloudfunctions.appspot.com/d7167ed1-2a19-4e91-a085-a54cafbbbaa6.zip?GoogleAccessId=service-110630163115@gcf-admin-robot.iam.gserviceaccount.com&Expires=1681295042&Signature=Jng8Zd9ti4ICs%2FQAeDbLJ1X32ca2nkue10XVhoFZFcUsiWIi1QMXADk3cpM%2BMWLWFIp0xOghrUFnEBKeOmJux49vKJNRnxuBG3ZMzeqYg5RZkPU887t7Ig%2FgtOep2B5ukGVNET8VDr5tK7tTE5PqRgnlBiJxG1X1rO3CwvqcXB9alxLtpOUMZv%2FxAnvggxzJiQC7B5BDFwW2MrkMrS0uzK%2FHQ5PtgIdsn2I%2FyIzReBYMpDGp%2B0DPULbnrWIdRLOi8BcDIU%2F48zI6xhj3OFbfkbcjo9avUpDPNAV0M1Qd2ylyIyAhLGOGNsw0IJxGAYmRRzCuiRWntbGFW70S%2BBcZ%2Fw%3D%3D","environmentVariables":{"FIREBASE_CONFIG":"{\"projectId\":\"dosukoi-16815\",\"storageBucket\":\"dosukoi-16815.appspot.com\",\"locationId\":\"asia-northeast1\"}","GCLOUD_PROJECT":"dosukoi-16815","EVENTARC_CLOUD_EVENT_SOURCE":"projects/dosukoi-16815/locations/asia-northeast2/functions/getNews"},"runtime":"nodejs16","secretEnvironmentVariables":[{"key":"NEWSAPIKEY","projectId":"dosukoi-16815","secret":"NEWSAPIKEY","version":"1"}],"dockerRegistry":"ARTIFACT_REGISTRY"},"versionId":"1","updateTime":"2023-04-12T09:54:05Z","buildId":"07d499b0-a660-461e-8f04-c7d61bdacb76","buildName":"projects/110630163115/locations/asia-northeast2/builds/07d499b0-a660-461e-8f04-c7d61bdacb76"}}
[debug] [2023-04-12T09:55:04.186Z] [create-default-asia-northeast2-getNews] Retrying task index 0
[debug] [2023-04-12T09:55:04.186Z] >>> [apiv2][query] GET https://cloudfunctions.googleapis.com/v1/operations/ZG9zdWtvaS0xNjgxNS9hc2lhLW5vcnRoZWFzdDIvZ2V0TmV3cy9ydjkxcmNxeElmSQ [none]
[debug] [2023-04-12T09:55:04.603Z] <<< [apiv2][status] GET https://cloudfunctions.googleapis.com/v1/operations/ZG9zdWtvaS0xNjgxNS9hc2lhLW5vcnRoZWFzdDIvZ2V0TmV3cy9ydjkxcmNxeElmSQ 200
[debug] [2023-04-12T09:55:04.603Z] <<< [apiv2][body] GET https://cloudfunctions.googleapis.com/v1/operations/ZG9zdWtvaS0xNjgxNS9hc2lhLW5vcnRoZWFzdDIvZ2V0TmV3cy9ydjkxcmNxeElmSQ {"name":"operations/ZG9zdWtvaS0xNjgxNS9hc2lhLW5vcnRoZWFzdDIvZ2V0TmV3cy9ydjkxcmNxeElmSQ","metadata":{"@type":"type.googleapis.com/google.cloud.functions.v1.OperationMetadataV1","target":"projects/dosukoi-16815/locations/asia-northeast2/functions/getNews","type":"CREATE_FUNCTION","request":{"@type":"type.googleapis.com/google.cloud.functions.v1.CloudFunction","name":"projects/dosukoi-16815/locations/asia-northeast2/functions/getNews","httpsTrigger":{"securityLevel":"SECURE_ALWAYS"},"entryPoint":"getNews","labels":{"deployment-tool":"cli-firebase","firebase-functions-hash":"13653156d0ddc4c607dbfb9f29b462af90a1d950"},"sourceUploadUrl":"https://storage.googleapis.com/uploads-702545205606.asia-northeast2.cloudfunctions.appspot.com/d7167ed1-2a19-4e91-a085-a54cafbbbaa6.zip?GoogleAccessId=service-110630163115@gcf-admin-robot.iam.gserviceaccount.com&Expires=1681295042&Signature=Jng8Zd9ti4ICs%2FQAeDbLJ1X32ca2nkue10XVhoFZFcUsiWIi1QMXADk3cpM%2BMWLWFIp0xOghrUFnEBKeOmJux49vKJNRnxuBG3ZMzeqYg5RZkPU887t7Ig%2FgtOep2B5ukGVNET8VDr5tK7tTE5PqRgnlBiJxG1X1rO3CwvqcXB9alxLtpOUMZv%2FxAnvggxzJiQC7B5BDFwW2MrkMrS0uzK%2FHQ5PtgIdsn2I%2FyIzReBYMpDGp%2B0DPULbnrWIdRLOi8BcDIU%2F48zI6xhj3OFbfkbcjo9avUpDPNAV0M1Qd2ylyIyAhLGOGNsw0IJxGAYmRRzCuiRWntbGFW70S%2BBcZ%2Fw%3D%3D","environmentVariables":{"FIREBASE_CONFIG":"{\"projectId\":\"dosukoi-16815\",\"storageBucket\":\"dosukoi-16815.appspot.com\",\"locationId\":\"asia-northeast1\"}","GCLOUD_PROJECT":"dosukoi-16815","EVENTARC_CLOUD_EVENT_SOURCE":"projects/dosukoi-16815/locations/asia-northeast2/functions/getNews"},"runtime":"nodejs16","secretEnvironmentVariables":[{"key":"NEWSAPIKEY","projectId":"dosukoi-16815","secret":"NEWSAPIKEY","version":"1"}],"dockerRegistry":"ARTIFACT_REGISTRY"},"versionId":"1","updateTime":"2023-04-12T09:54:05Z","buildId":"07d499b0-a660-461e-8f04-c7d61bdacb76","buildName":"projects/110630163115/locations/asia-northeast2/builds/07d499b0-a660-461e-8f04-c7d61bdacb76"}}
[debug] [2023-04-12T09:55:14.616Z] [create-default-asia-northeast2-getNews] Retrying task index 0
[debug] [2023-04-12T09:55:14.616Z] >>> [apiv2][query] GET https://cloudfunctions.googleapis.com/v1/operations/ZG9zdWtvaS0xNjgxNS9hc2lhLW5vcnRoZWFzdDIvZ2V0TmV3cy9ydjkxcmNxeElmSQ [none]
[debug] [2023-04-12T09:55:14.852Z] <<< [apiv2][status] GET https://cloudfunctions.googleapis.com/v1/operations/ZG9zdWtvaS0xNjgxNS9hc2lhLW5vcnRoZWFzdDIvZ2V0TmV3cy9ydjkxcmNxeElmSQ 200
[debug] [2023-04-12T09:55:14.852Z] <<< [apiv2][body] GET https://cloudfunctions.googleapis.com/v1/operations/ZG9zdWtvaS0xNjgxNS9hc2lhLW5vcnRoZWFzdDIvZ2V0TmV3cy9ydjkxcmNxeElmSQ {"name":"operations/ZG9zdWtvaS0xNjgxNS9hc2lhLW5vcnRoZWFzdDIvZ2V0TmV3cy9ydjkxcmNxeElmSQ","metadata":{"@type":"type.googleapis.com/google.cloud.functions.v1.OperationMetadataV1","target":"projects/dosukoi-16815/locations/asia-northeast2/functions/getNews","type":"CREATE_FUNCTION","request":{"@type":"type.googleapis.com/google.cloud.functions.v1.CloudFunction","name":"projects/dosukoi-16815/locations/asia-northeast2/functions/getNews","httpsTrigger":{"securityLevel":"SECURE_ALWAYS"},"entryPoint":"getNews","labels":{"deployment-tool":"cli-firebase","firebase-functions-hash":"13653156d0ddc4c607dbfb9f29b462af90a1d950"},"sourceUploadUrl":"https://storage.googleapis.com/uploads-702545205606.asia-northeast2.cloudfunctions.appspot.com/d7167ed1-2a19-4e91-a085-a54cafbbbaa6.zip?GoogleAccessId=service-110630163115@gcf-admin-robot.iam.gserviceaccount.com&Expires=1681295042&Signature=Jng8Zd9ti4ICs%2FQAeDbLJ1X32ca2nkue10XVhoFZFcUsiWIi1QMXADk3cpM%2BMWLWFIp0xOghrUFnEBKeOmJux49vKJNRnxuBG3ZMzeqYg5RZkPU887t7Ig%2FgtOep2B5ukGVNET8VDr5tK7tTE5PqRgnlBiJxG1X1rO3CwvqcXB9alxLtpOUMZv%2FxAnvggxzJiQC7B5BDFwW2MrkMrS0uzK%2FHQ5PtgIdsn2I%2FyIzReBYMpDGp%2B0DPULbnrWIdRLOi8BcDIU%2F48zI6xhj3OFbfkbcjo9avUpDPNAV0M1Qd2ylyIyAhLGOGNsw0IJxGAYmRRzCuiRWntbGFW70S%2BBcZ%2Fw%3D%3D","environmentVariables":{"FIREBASE_CONFIG":"{\"projectId\":\"dosukoi-16815\",\"storageBucket\":\"dosukoi-16815.appspot.com\",\"locationId\":\"asia-northeast1\"}","GCLOUD_PROJECT":"dosukoi-16815","EVENTARC_CLOUD_EVENT_SOURCE":"projects/dosukoi-16815/locations/asia-northeast2/functions/getNews"},"runtime":"nodejs16","secretEnvironmentVariables":[{"key":"NEWSAPIKEY","projectId":"dosukoi-16815","secret":"NEWSAPIKEY","version":"1"}],"dockerRegistry":"ARTIFACT_REGISTRY"},"versionId":"1","updateTime":"2023-04-12T09:54:05Z","buildId":"07d499b0-a660-461e-8f04-c7d61bdacb76","buildName":"projects/110630163115/locations/asia-northeast2/builds/07d499b0-a660-461e-8f04-c7d61bdacb76"}}
[debug] [2023-04-12T09:55:24.853Z] [create-default-asia-northeast2-getNews] Retrying task index 0
[debug] [2023-04-12T09:55:24.853Z] >>> [apiv2][query] GET https://cloudfunctions.googleapis.com/v1/operations/ZG9zdWtvaS0xNjgxNS9hc2lhLW5vcnRoZWFzdDIvZ2V0TmV3cy9ydjkxcmNxeElmSQ [none]
[debug] [2023-04-12T09:55:25.298Z] <<< [apiv2][status] GET https://cloudfunctions.googleapis.com/v1/operations/ZG9zdWtvaS0xNjgxNS9hc2lhLW5vcnRoZWFzdDIvZ2V0TmV3cy9ydjkxcmNxeElmSQ 200
[debug] [2023-04-12T09:55:25.299Z] <<< [apiv2][body] GET https://cloudfunctions.googleapis.com/v1/operations/ZG9zdWtvaS0xNjgxNS9hc2lhLW5vcnRoZWFzdDIvZ2V0TmV3cy9ydjkxcmNxeElmSQ {"name":"operations/ZG9zdWtvaS0xNjgxNS9hc2lhLW5vcnRoZWFzdDIvZ2V0TmV3cy9ydjkxcmNxeElmSQ","metadata":{"@type":"type.googleapis.com/google.cloud.functions.v1.OperationMetadataV1","target":"projects/dosukoi-16815/locations/asia-northeast2/functions/getNews","type":"CREATE_FUNCTION","request":{"@type":"type.googleapis.com/google.cloud.functions.v1.CloudFunction","name":"projects/dosukoi-16815/locations/asia-northeast2/functions/getNews","httpsTrigger":{"securityLevel":"SECURE_ALWAYS"},"entryPoint":"getNews","labels":{"deployment-tool":"cli-firebase","firebase-functions-hash":"13653156d0ddc4c607dbfb9f29b462af90a1d950"},"sourceUploadUrl":"https://storage.googleapis.com/uploads-702545205606.asia-northeast2.cloudfunctions.appspot.com/d7167ed1-2a19-4e91-a085-a54cafbbbaa6.zip?GoogleAccessId=service-110630163115@gcf-admin-robot.iam.gserviceaccount.com&Expires=1681295042&Signature=Jng8Zd9ti4ICs%2FQAeDbLJ1X32ca2nkue10XVhoFZFcUsiWIi1QMXADk3cpM%2BMWLWFIp0xOghrUFnEBKeOmJux49vKJNRnxuBG3ZMzeqYg5RZkPU887t7Ig%2FgtOep2B5ukGVNET8VDr5tK7tTE5PqRgnlBiJxG1X1rO3CwvqcXB9alxLtpOUMZv%2FxAnvggxzJiQC7B5BDFwW2MrkMrS0uzK%2FHQ5PtgIdsn2I%2FyIzReBYMpDGp%2B0DPULbnrWIdRLOi8BcDIU%2F48zI6xhj3OFbfkbcjo9avUpDPNAV0M1Qd2ylyIyAhLGOGNsw0IJxGAYmRRzCuiRWntbGFW70S%2BBcZ%2Fw%3D%3D","environmentVariables":{"FIREBASE_CONFIG":"{\"projectId\":\"dosukoi-16815\",\"storageBucket\":\"dosukoi-16815.appspot.com\",\"locationId\":\"asia-northeast1\"}","GCLOUD_PROJECT":"dosukoi-16815","EVENTARC_CLOUD_EVENT_SOURCE":"projects/dosukoi-16815/locations/asia-northeast2/functions/getNews"},"runtime":"nodejs16","secretEnvironmentVariables":[{"key":"NEWSAPIKEY","projectId":"dosukoi-16815","secret":"NEWSAPIKEY","version":"1"}],"dockerRegistry":"ARTIFACT_REGISTRY"},"versionId":"1","updateTime":"2023-04-12T09:54:05Z","buildId":"07d499b0-a660-461e-8f04-c7d61bdacb76","buildName":"projects/110630163115/locations/asia-northeast2/builds/07d499b0-a660-461e-8f04-c7d61bdacb76"}}
[debug] [2023-04-12T09:55:35.305Z] [create-default-asia-northeast2-getNews] Retrying task index 0
[debug] [2023-04-12T09:55:35.306Z] >>> [apiv2][query] GET https://cloudfunctions.googleapis.com/v1/operations/ZG9zdWtvaS0xNjgxNS9hc2lhLW5vcnRoZWFzdDIvZ2V0TmV3cy9ydjkxcmNxeElmSQ [none]
[debug] [2023-04-12T09:55:35.702Z] <<< [apiv2][status] GET https://cloudfunctions.googleapis.com/v1/operations/ZG9zdWtvaS0xNjgxNS9hc2lhLW5vcnRoZWFzdDIvZ2V0TmV3cy9ydjkxcmNxeElmSQ 200
[debug] [2023-04-12T09:55:35.702Z] <<< [apiv2][body] GET https://cloudfunctions.googleapis.com/v1/operations/ZG9zdWtvaS0xNjgxNS9hc2lhLW5vcnRoZWFzdDIvZ2V0TmV3cy9ydjkxcmNxeElmSQ {"name":"operations/ZG9zdWtvaS0xNjgxNS9hc2lhLW5vcnRoZWFzdDIvZ2V0TmV3cy9ydjkxcmNxeElmSQ","metadata":{"@type":"type.googleapis.com/google.cloud.functions.v1.OperationMetadataV1","target":"projects/dosukoi-16815/locations/asia-northeast2/functions/getNews","type":"CREATE_FUNCTION","request":{"@type":"type.googleapis.com/google.cloud.functions.v1.CloudFunction","name":"projects/dosukoi-16815/locations/asia-northeast2/functions/getNews","httpsTrigger":{"securityLevel":"SECURE_ALWAYS"},"entryPoint":"getNews","labels":{"deployment-tool":"cli-firebase","firebase-functions-hash":"13653156d0ddc4c607dbfb9f29b462af90a1d950"},"sourceUploadUrl":"https://storage.googleapis.com/uploads-702545205606.asia-northeast2.cloudfunctions.appspot.com/d7167ed1-2a19-4e91-a085-a54cafbbbaa6.zip?GoogleAccessId=service-110630163115@gcf-admin-robot.iam.gserviceaccount.com&Expires=1681295042&Signature=Jng8Zd9ti4ICs%2FQAeDbLJ1X32ca2nkue10XVhoFZFcUsiWIi1QMXADk3cpM%2BMWLWFIp0xOghrUFnEBKeOmJux49vKJNRnxuBG3ZMzeqYg5RZkPU887t7Ig%2FgtOep2B5ukGVNET8VDr5tK7tTE5PqRgnlBiJxG1X1rO3CwvqcXB9alxLtpOUMZv%2FxAnvggxzJiQC7B5BDFwW2MrkMrS0uzK%2FHQ5PtgIdsn2I%2FyIzReBYMpDGp%2B0DPULbnrWIdRLOi8BcDIU%2F48zI6xhj3OFbfkbcjo9avUpDPNAV0M1Qd2ylyIyAhLGOGNsw0IJxGAYmRRzCuiRWntbGFW70S%2BBcZ%2Fw%3D%3D","environmentVariables":{"FIREBASE_CONFIG":"{\"projectId\":\"dosukoi-16815\",\"storageBucket\":\"dosukoi-16815.appspot.com\",\"locationId\":\"asia-northeast1\"}","GCLOUD_PROJECT":"dosukoi-16815","EVENTARC_CLOUD_EVENT_SOURCE":"projects/dosukoi-16815/locations/asia-northeast2/functions/getNews"},"runtime":"nodejs16","secretEnvironmentVariables":[{"key":"NEWSAPIKEY","projectId":"dosukoi-16815","secret":"NEWSAPIKEY","version":"1"}],"dockerRegistry":"ARTIFACT_REGISTRY"},"versionId":"1","updateTime":"2023-04-12T09:54:05Z","buildId":"07d499b0-a660-461e-8f04-c7d61bdacb76","buildName":"projects/110630163115/locations/asia-northeast2/builds/07d499b0-a660-461e-8f04-c7d61bdacb76"}}
[debug] [2023-04-12T09:55:45.702Z] [create-default-asia-northeast2-getNews] Retrying task index 0
[debug] [2023-04-12T09:55:45.703Z] >>> [apiv2][query] GET https://cloudfunctions.googleapis.com/v1/operations/ZG9zdWtvaS0xNjgxNS9hc2lhLW5vcnRoZWFzdDIvZ2V0TmV3cy9ydjkxcmNxeElmSQ [none]
[debug] [2023-04-12T09:55:46.210Z] <<< [apiv2][status] GET https://cloudfunctions.googleapis.com/v1/operations/ZG9zdWtvaS0xNjgxNS9hc2lhLW5vcnRoZWFzdDIvZ2V0TmV3cy9ydjkxcmNxeElmSQ 200
[debug] [2023-04-12T09:55:46.210Z] <<< [apiv2][body] GET https://cloudfunctions.googleapis.com/v1/operations/ZG9zdWtvaS0xNjgxNS9hc2lhLW5vcnRoZWFzdDIvZ2V0TmV3cy9ydjkxcmNxeElmSQ {"name":"operations/ZG9zdWtvaS0xNjgxNS9hc2lhLW5vcnRoZWFzdDIvZ2V0TmV3cy9ydjkxcmNxeElmSQ","metadata":{"@type":"type.googleapis.com/google.cloud.functions.v1.OperationMetadataV1","target":"projects/dosukoi-16815/locations/asia-northeast2/functions/getNews","type":"CREATE_FUNCTION","request":{"@type":"type.googleapis.com/google.cloud.functions.v1.CloudFunction","name":"projects/dosukoi-16815/locations/asia-northeast2/functions/getNews","httpsTrigger":{"securityLevel":"SECURE_ALWAYS"},"entryPoint":"getNews","labels":{"deployment-tool":"cli-firebase","firebase-functions-hash":"13653156d0ddc4c607dbfb9f29b462af90a1d950"},"sourceUploadUrl":"https://storage.googleapis.com/uploads-702545205606.asia-northeast2.cloudfunctions.appspot.com/d7167ed1-2a19-4e91-a085-a54cafbbbaa6.zip?GoogleAccessId=service-110630163115@gcf-admin-robot.iam.gserviceaccount.com&Expires=1681295042&Signature=Jng8Zd9ti4ICs%2FQAeDbLJ1X32ca2nkue10XVhoFZFcUsiWIi1QMXADk3cpM%2BMWLWFIp0xOghrUFnEBKeOmJux49vKJNRnxuBG3ZMzeqYg5RZkPU887t7Ig%2FgtOep2B5ukGVNET8VDr5tK7tTE5PqRgnlBiJxG1X1rO3CwvqcXB9alxLtpOUMZv%2FxAnvggxzJiQC7B5BDFwW2MrkMrS0uzK%2FHQ5PtgIdsn2I%2FyIzReBYMpDGp%2B0DPULbnrWIdRLOi8BcDIU%2F48zI6xhj3OFbfkbcjo9avUpDPNAV0M1Qd2ylyIyAhLGOGNsw0IJxGAYmRRzCuiRWntbGFW70S%2BBcZ%2Fw%3D%3D","environmentVariables":{"FIREBASE_CONFIG":"{\"projectId\":\"dosukoi-16815\",\"storageBucket\":\"dosukoi-16815.appspot.com\",\"locationId\":\"asia-northeast1\"}","GCLOUD_PROJECT":"dosukoi-16815","EVENTARC_CLOUD_EVENT_SOURCE":"projects/dosukoi-16815/locations/asia-northeast2/functions/getNews"},"runtime":"nodejs16","secretEnvironmentVariables":[{"key":"NEWSAPIKEY","projectId":"dosukoi-16815","secret":"NEWSAPIKEY","version":"1"}],"dockerRegistry":"ARTIFACT_REGISTRY"},"versionId":"1","updateTime":"2023-04-12T09:54:05Z","buildId":"07d499b0-a660-461e-8f04-c7d61bdacb76","sourceToken":"73c5973c-12de-4585-96e7-69c4953983a3","buildName":"projects/110630163115/locations/asia-northeast2/builds/07d499b0-a660-461e-8f04-c7d61bdacb76"}}
[debug] [2023-04-12T09:55:46.210Z] Got source token 73c5973c-12de-4585-96e7-69c4953983a3 for region asia-northeast2
[debug] [2023-04-12T09:55:56.212Z] [create-default-asia-northeast2-getNews] Retrying task index 0
[debug] [2023-04-12T09:55:56.213Z] >>> [apiv2][query] GET https://cloudfunctions.googleapis.com/v1/operations/ZG9zdWtvaS0xNjgxNS9hc2lhLW5vcnRoZWFzdDIvZ2V0TmV3cy9ydjkxcmNxeElmSQ [none]
[debug] [2023-04-12T09:55:56.616Z] <<< [apiv2][status] GET https://cloudfunctions.googleapis.com/v1/operations/ZG9zdWtvaS0xNjgxNS9hc2lhLW5vcnRoZWFzdDIvZ2V0TmV3cy9ydjkxcmNxeElmSQ 200
[debug] [2023-04-12T09:55:56.616Z] <<< [apiv2][body] GET https://cloudfunctions.googleapis.com/v1/operations/ZG9zdWtvaS0xNjgxNS9hc2lhLW5vcnRoZWFzdDIvZ2V0TmV3cy9ydjkxcmNxeElmSQ {"name":"operations/ZG9zdWtvaS0xNjgxNS9hc2lhLW5vcnRoZWFzdDIvZ2V0TmV3cy9ydjkxcmNxeElmSQ","metadata":{"@type":"type.googleapis.com/google.cloud.functions.v1.OperationMetadataV1","target":"projects/dosukoi-16815/locations/asia-northeast2/functions/getNews","type":"CREATE_FUNCTION","request":{"@type":"type.googleapis.com/google.cloud.functions.v1.CloudFunction","name":"projects/dosukoi-16815/locations/asia-northeast2/functions/getNews","httpsTrigger":{"securityLevel":"SECURE_ALWAYS"},"entryPoint":"getNews","labels":{"deployment-tool":"cli-firebase","firebase-functions-hash":"13653156d0ddc4c607dbfb9f29b462af90a1d950"},"sourceUploadUrl":"https://storage.googleapis.com/uploads-702545205606.asia-northeast2.cloudfunctions.appspot.com/d7167ed1-2a19-4e91-a085-a54cafbbbaa6.zip?GoogleAccessId=service-110630163115@gcf-admin-robot.iam.gserviceaccount.com&Expires=1681295042&Signature=Jng8Zd9ti4ICs%2FQAeDbLJ1X32ca2nkue10XVhoFZFcUsiWIi1QMXADk3cpM%2BMWLWFIp0xOghrUFnEBKeOmJux49vKJNRnxuBG3ZMzeqYg5RZkPU887t7Ig%2FgtOep2B5ukGVNET8VDr5tK7tTE5PqRgnlBiJxG1X1rO3CwvqcXB9alxLtpOUMZv%2FxAnvggxzJiQC7B5BDFwW2MrkMrS0uzK%2FHQ5PtgIdsn2I%2FyIzReBYMpDGp%2B0DPULbnrWIdRLOi8BcDIU%2F48zI6xhj3OFbfkbcjo9avUpDPNAV0M1Qd2ylyIyAhLGOGNsw0IJxGAYmRRzCuiRWntbGFW70S%2BBcZ%2Fw%3D%3D","environmentVariables":{"FIREBASE_CONFIG":"{\"projectId\":\"dosukoi-16815\",\"storageBucket\":\"dosukoi-16815.appspot.com\",\"locationId\":\"asia-northeast1\"}","GCLOUD_PROJECT":"dosukoi-16815","EVENTARC_CLOUD_EVENT_SOURCE":"projects/dosukoi-16815/locations/asia-northeast2/functions/getNews"},"runtime":"nodejs16","secretEnvironmentVariables":[{"key":"NEWSAPIKEY","projectId":"dosukoi-16815","secret":"NEWSAPIKEY","version":"1"}],"dockerRegistry":"ARTIFACT_REGISTRY"},"versionId":"1","updateTime":"2023-04-12T09:54:05Z","buildId":"07d499b0-a660-461e-8f04-c7d61bdacb76","sourceToken":"73c5973c-12de-4585-96e7-69c4953983a3","buildName":"projects/110630163115/locations/asia-northeast2/builds/07d499b0-a660-461e-8f04-c7d61bdacb76"}}
[debug] [2023-04-12T09:55:56.616Z] Got source token 73c5973c-12de-4585-96e7-69c4953983a3 for region asia-northeast2
[debug] [2023-04-12T09:56:06.620Z] [create-default-asia-northeast2-getNews] Retrying task index 0
[debug] [2023-04-12T09:56:06.620Z] >>> [apiv2][query] GET https://cloudfunctions.googleapis.com/v1/operations/ZG9zdWtvaS0xNjgxNS9hc2lhLW5vcnRoZWFzdDIvZ2V0TmV3cy9ydjkxcmNxeElmSQ [none]
[debug] [2023-04-12T09:56:07.037Z] <<< [apiv2][status] GET https://cloudfunctions.googleapis.com/v1/operations/ZG9zdWtvaS0xNjgxNS9hc2lhLW5vcnRoZWFzdDIvZ2V0TmV3cy9ydjkxcmNxeElmSQ 200
[debug] [2023-04-12T09:56:07.037Z] <<< [apiv2][body] GET https://cloudfunctions.googleapis.com/v1/operations/ZG9zdWtvaS0xNjgxNS9hc2lhLW5vcnRoZWFzdDIvZ2V0TmV3cy9ydjkxcmNxeElmSQ {"name":"operations/ZG9zdWtvaS0xNjgxNS9hc2lhLW5vcnRoZWFzdDIvZ2V0TmV3cy9ydjkxcmNxeElmSQ","metadata":{"@type":"type.googleapis.com/google.cloud.functions.v1.OperationMetadataV1","target":"projects/dosukoi-16815/locations/asia-northeast2/functions/getNews","type":"CREATE_FUNCTION","request":{"@type":"type.googleapis.com/google.cloud.functions.v1.CloudFunction","name":"projects/dosukoi-16815/locations/asia-northeast2/functions/getNews","httpsTrigger":{"securityLevel":"SECURE_ALWAYS"},"entryPoint":"getNews","labels":{"deployment-tool":"cli-firebase","firebase-functions-hash":"13653156d0ddc4c607dbfb9f29b462af90a1d950"},"sourceUploadUrl":"https://storage.googleapis.com/uploads-702545205606.asia-northeast2.cloudfunctions.appspot.com/d7167ed1-2a19-4e91-a085-a54cafbbbaa6.zip?GoogleAccessId=service-110630163115@gcf-admin-robot.iam.gserviceaccount.com&Expires=1681295042&Signature=Jng8Zd9ti4ICs%2FQAeDbLJ1X32ca2nkue10XVhoFZFcUsiWIi1QMXADk3cpM%2BMWLWFIp0xOghrUFnEBKeOmJux49vKJNRnxuBG3ZMzeqYg5RZkPU887t7Ig%2FgtOep2B5ukGVNET8VDr5tK7tTE5PqRgnlBiJxG1X1rO3CwvqcXB9alxLtpOUMZv%2FxAnvggxzJiQC7B5BDFwW2MrkMrS0uzK%2FHQ5PtgIdsn2I%2FyIzReBYMpDGp%2B0DPULbnrWIdRLOi8BcDIU%2F48zI6xhj3OFbfkbcjo9avUpDPNAV0M1Qd2ylyIyAhLGOGNsw0IJxGAYmRRzCuiRWntbGFW70S%2BBcZ%2Fw%3D%3D","environmentVariables":{"FIREBASE_CONFIG":"{\"projectId\":\"dosukoi-16815\",\"storageBucket\":\"dosukoi-16815.appspot.com\",\"locationId\":\"asia-northeast1\"}","GCLOUD_PROJECT":"dosukoi-16815","EVENTARC_CLOUD_EVENT_SOURCE":"projects/dosukoi-16815/locations/asia-northeast2/functions/getNews"},"runtime":"nodejs16","secretEnvironmentVariables":[{"key":"NEWSAPIKEY","projectId":"dosukoi-16815","secret":"NEWSAPIKEY","version":"1"}],"dockerRegistry":"ARTIFACT_REGISTRY"},"versionId":"1","updateTime":"2023-04-12T09:55:58Z","buildId":"07d499b0-a660-461e-8f04-c7d61bdacb76","sourceToken":"73c5973c-12de-4585-96e7-69c4953983a3","buildName":"projects/110630163115/locations/asia-northeast2/builds/07d499b0-a660-461e-8f04-c7d61bdacb76"},"done":true,"error":{"code":3,"message":"Function failed on loading user code. This is likely due to a bug in the user code. Error message: Provided module can't be loaded.\nDid you list all required modules in the package.json dependencies?\nDetailed stack trace: Error: Cannot find module 'axios'\nRequire stack:\n- /workspace/lib/index.js\n- /layers/google.nodejs.functions-framework/functions-framework/node_modules/@google-cloud/functions-framework/build/src/loader.js\n- /layers/google.nodejs.functions-framework/functions-framework/node_modules/@google-cloud/functions-framework/build/src/main.js\n    at Function.Module._resolveFilename (node:internal/modules/cjs/loader:1021:15)\n    at Function.Module._load (node:internal/modules/cjs/loader:866:27)\n    at Module.require (node:internal/modules/cjs/loader:1093:19)\n    at require (node:internal/modules/cjs/helpers:108:18)\n    at Object.<anonymous> (/workspace/lib/index.js:4:17)\n    at Module._compile (node:internal/modules/cjs/loader:1191:14)\n    at Object.Module._extensions..js (node:internal/modules/cjs/loader:1245:10)\n    at Module.load (node:internal/modules/cjs/loader:1069:32)\n    at Function.Module._load (node:internal/modules/cjs/loader:904:12)\n    at Module.require (node:internal/modules/cjs/loader:1093:19)\nCould not load the function, shutting down.\n. Please visit https://cloud.google.com/functions/docs/troubleshooting for in-depth troubleshooting documentation."}}
[debug] [2023-04-12T09:56:07.037Z] Got source token 73c5973c-12de-4585-96e7-69c4953983a3 for region asia-northeast2
[error] Function failed on loading user code. This is likely due to a bug in the user code. Error message: Provided module can't be loaded.
Did you list all required modules in the package.json dependencies?
Detailed stack trace: Error: Cannot find module 'axios'
Require stack:
- /workspace/lib/index.js
- /layers/google.nodejs.functions-framework/functions-framework/node_modules/@google-cloud/functions-framework/build/src/loader.js
- /layers/google.nodejs.functions-framework/functions-framework/node_modules/@google-cloud/functions-framework/build/src/main.js
    at Function.Module._resolveFilename (node:internal/modules/cjs/loader:1021:15)
    at Function.Module._load (node:internal/modules/cjs/loader:866:27)
    at Module.require (node:internal/modules/cjs/loader:1093:19)
    at require (node:internal/modules/cjs/helpers:108:18)
    at Object.<anonymous> (/workspace/lib/index.js:4:17)
    at Module._compile (node:internal/modules/cjs/loader:1191:14)
    at Object.Module._extensions..js (node:internal/modules/cjs/loader:1245:10)
    at Module.load (node:internal/modules/cjs/loader:1069:32)
    at Function.Module._load (node:internal/modules/cjs/loader:904:12)
    at Module.require (node:internal/modules/cjs/loader:1093:19)
Could not load the function, shutting down.
. Please visit https://cloud.google.com/functions/docs/troubleshooting for in-depth troubleshooting documentation.
[debug] [2023-04-12T09:56:07.087Z] Total Function Deployment time: 123385
[debug] [2023-04-12T09:56:07.087Z] 1 Functions Deployed
[debug] [2023-04-12T09:56:07.087Z] 1 Functions Errored
[debug] [2023-04-12T09:56:07.087Z] 0 Function Deployments Aborted
[debug] [2023-04-12T09:56:07.087Z] Average Function Deployment time: 123385
[info] 
[info] Functions deploy had errors with the following functions:
	getNews(asia-northeast2)
[debug] [2023-04-12T09:56:07.218Z] Not printing URL for HTTPS function. Typically this means it didn't match a filter or we failed deployment
[info] i  functions: cleaning up build files... 
[debug] [2023-04-12T09:56:07.219Z] >>> [apiv2][query] DELETE https://artifactregistry.googleapis.com/v1beta2/projects/dosukoi-16815/locations/asia-northeast2/repositories/gcf-artifacts/packages/get_news [none]
[debug] [2023-04-12T09:56:07.220Z] >>> [apiv2][query] GET https://asia.gcr.io/v2/dosukoi-16815/gcf/asia-northeast2/tags/list [none]
[debug] [2023-04-12T09:56:07.848Z] <<< [apiv2][status] DELETE https://artifactregistry.googleapis.com/v1beta2/projects/dosukoi-16815/locations/asia-northeast2/repositories/gcf-artifacts/packages/get_news 200
[debug] [2023-04-12T09:56:07.849Z] <<< [apiv2][body] DELETE https://artifactregistry.googleapis.com/v1beta2/projects/dosukoi-16815/locations/asia-northeast2/repositories/gcf-artifacts/packages/get_news {"name":"projects/dosukoi-16815/locations/asia-northeast2/operations/e9ece72c-a2cb-4d36-9137-0f2a18fa7c2f","metadata":{"@type":"type.googleapis.com/google.devtools.artifactregistry.v1beta2.OperationMetadata"}}
[debug] [2023-04-12T09:56:07.849Z] >>> [apiv2][query] GET https://artifactregistry.googleapis.com/v1beta2/projects/dosukoi-16815/locations/asia-northeast2/operations/e9ece72c-a2cb-4d36-9137-0f2a18fa7c2f [none]
[debug] [2023-04-12T09:56:08.267Z] <<< [apiv2][status] GET https://artifactregistry.googleapis.com/v1beta2/projects/dosukoi-16815/locations/asia-northeast2/operations/e9ece72c-a2cb-4d36-9137-0f2a18fa7c2f 200
[debug] [2023-04-12T09:56:08.268Z] <<< [apiv2][body] GET https://artifactregistry.googleapis.com/v1beta2/projects/dosukoi-16815/locations/asia-northeast2/operations/e9ece72c-a2cb-4d36-9137-0f2a18fa7c2f {"name":"projects/dosukoi-16815/locations/asia-northeast2/operations/e9ece72c-a2cb-4d36-9137-0f2a18fa7c2f","metadata":{"@type":"type.googleapis.com/google.devtools.artifactregistry.v1beta2.OperationMetadata"},"done":true,"response":{"@type":"type.googleapis.com/google.protobuf.Empty"}}
[debug] [2023-04-12T09:56:11.409Z] <<< [apiv2][status] GET https://asia.gcr.io/v2/dosukoi-16815/gcf/asia-northeast2/tags/list 200
[debug] [2023-04-12T09:56:11.409Z] <<< [apiv2][body] GET https://asia.gcr.io/v2/dosukoi-16815/gcf/asia-northeast2/tags/list {"child":[],"manifest":{},"name":"dosukoi-16815/gcf/asia-northeast2","tags":[]}
[debug] [2023-04-12T09:56:11.410Z] Could not find image for function projects/dosukoi-16815/locations/asia-northeast2/functions/getNews
[debug] [2023-04-12T09:56:11.410Z] Functions deploy failed.
[debug] [2023-04-12T09:56:11.410Z] {
  "endpoint": {
    "id": "getNews",
    "project": "dosukoi-16815",
    "region": "asia-northeast2",
    "entryPoint": "getNews",
    "platform": "gcfv1",
    "runtime": "nodejs16",
    "httpsTrigger": {},
    "secretEnvironmentVariables": [
      {
        "key": "NEWSAPIKEY",
        "secret": "NEWSAPIKEY",
        "projectId": "dosukoi-16815",
        "version": "1"
      }
    ],
    "serviceAccount": null,
    "ingressSettings": null,
    "availableMemoryMb": null,
    "timeoutSeconds": null,
    "maxInstances": null,
    "minInstances": null,
    "vpc": null,
    "environmentVariables": {
      "FIREBASE_CONFIG": "{\"projectId\":\"dosukoi-16815\",\"storageBucket\":\"dosukoi-16815.appspot.com\",\"locationId\":\"asia-northeast1\"}",
      "GCLOUD_PROJECT": "dosukoi-16815",
      "EVENTARC_CLOUD_EVENT_SOURCE": "projects/dosukoi-16815/locations/asia-northeast2/functions/getNews"
    },
    "codebase": "default",
    "targetedByOnly": false,
    "hash": "13653156d0ddc4c607dbfb9f29b462af90a1d950",
    "labels": {
      "deployment-tool": "cli-firebase"
    }
  },
  "op": "create",
  "original": {
    "name": "FirebaseError",
    "children": [],
    "exit": 1,
    "message": "Function failed on loading user code. This is likely due to a bug in the user code. Error message: Provided module can't be loaded.\nDid you list all required modules in the package.json dependencies?\nDetailed stack trace: Error: Cannot find module 'axios'\nRequire stack:\n- /workspace/lib/index.js\n- /layers/google.nodejs.functions-framework/functions-framework/node_modules/@google-cloud/functions-framework/build/src/loader.js\n- /layers/google.nodejs.functions-framework/functions-framework/node_modules/@google-cloud/functions-framework/build/src/main.js\n    at Function.Module._resolveFilename (node:internal/modules/cjs/loader:1021:15)\n    at Function.Module._load (node:internal/modules/cjs/loader:866:27)\n    at Module.require (node:internal/modules/cjs/loader:1093:19)\n    at require (node:internal/modules/cjs/helpers:108:18)\n    at Object.<anonymous> (/workspace/lib/index.js:4:17)\n    at Module._compile (node:internal/modules/cjs/loader:1191:14)\n    at Object.Module._extensions..js (node:internal/modules/cjs/loader:1245:10)\n    at Module.load (node:internal/modules/cjs/loader:1069:32)\n    at Function.Module._load (node:internal/modules/cjs/loader:904:12)\n    at Module.require (node:internal/modules/cjs/loader:1093:19)\nCould not load the function, shutting down.\n. Please visit https://cloud.google.com/functions/docs/troubleshooting for in-depth troubleshooting documentation.",
    "status": 3
  }
}
[debug] [2023-04-12T09:56:11.675Z] Error: Failed to create function getNews in region asia-northeast2
    at C:\Users\my\AppData\Roaming\npm\node_modules\firebase-tools\lib\deploy\functions\release\fabricator.js:48:11
    at processTicksAndRejections (node:internal/process/task_queues:96:5)
    at async Fabricator.createV1Function (C:\Users\my\AppData\Roaming\npm\node_modules\firebase-tools\lib\deploy\functions\release\fabricator.js:177:32)
    at async Fabricator.createEndpoint (C:\Users\my\AppData\Roaming\npm\node_modules\firebase-tools\lib\deploy\functions\release\fabricator.js:129:13)
    at async handle (C:\Users\my\AppData\Roaming\npm\node_modules\firebase-tools\lib\deploy\functions\release\fabricator.js:85:17)
[error] 
[error] Error: There was an error deploying functions
